Started GET "/" for ::1 at 2016-10-31 19:54:30 -0400
  [1m[36mActiveRecord::SchemaMigration Load (0.5ms)[0m  [1m[34mSELECT "schema_migrations".* FROM "schema_migrations"[0m
Processing by GamesController#index as HTML
  Rendering games/index.html.erb within layouts/application
  Rendered games/index.html.erb within layouts/application (1.4ms)
  [1m[36mUser Load (0.5ms)[0m  [1m[34mSELECT  "users".* FROM "users" WHERE "users"."id" IS NULL LIMIT $1[0m  [["LIMIT", 1]]
Completed 200 OK in 408ms (Views: 402.7ms | ActiveRecord: 2.9ms)


Started GET "/sessions/new" for ::1 at 2016-10-31 19:54:32 -0400
DEPRECATION WARNING: skip_before_filter is deprecated and will be removed in Rails 5.1. Use skip_before_action instead. (called from <class:SessionsController> at /Users/wellingtonvicioso/phase3/tic_or_treat/app/controllers/sessions_controller.rb:3)
Processing by SessionsController#new as HTML
  Rendering sessions/new.html.erb within layouts/application
  Rendered sessions/_form.html.erb (0.4ms)
  Rendered sessions/new.html.erb within layouts/application (2.7ms)
  [1m[36mUser Load (0.4ms)[0m  [1m[34mSELECT  "users".* FROM "users" WHERE "users"."id" IS NULL LIMIT $1[0m  [["LIMIT", 1]]
Completed 200 OK in 58ms (Views: 55.7ms | ActiveRecord: 0.4ms)


Started POST "/sessions" for ::1 at 2016-10-31 19:54:34 -0400
Processing by SessionsController#create as HTML
  Parameters: {"user"=>{"username"=>"Well", "password"=>"[FILTERED]"}}
  [1m[36mUser Load (0.6ms)[0m  [1m[34mSELECT  "users".* FROM "users" WHERE "users"."username" = $1 LIMIT $2[0m  [["username", "Well"], ["LIMIT", 1]]
Redirected to http://localhost:3000/
Completed 302 Found in 146ms (ActiveRecord: 11.4ms)


Started GET "/" for ::1 at 2016-10-31 19:54:34 -0400
Processing by GamesController#index as HTML
  Rendering games/index.html.erb within layouts/application
  Rendered games/index.html.erb within layouts/application (0.5ms)
  [1m[36mUser Load (0.4ms)[0m  [1m[34mSELECT  "users".* FROM "users" WHERE "users"."id" = $1 LIMIT $2[0m  [["id", 2], ["LIMIT", 1]]
Completed 200 OK in 97ms (Views: 93.2ms | ActiveRecord: 0.4ms)


Started GET "/users/2" for ::1 at 2016-10-31 19:54:36 -0400
Processing by UsersController#show as HTML
  Parameters: {"id"=>"2"}
  Rendering users/show.html.erb within layouts/application
  Rendered users/show.html.erb within layouts/application (6.8ms)
Completed 500 Internal Server Error in 12ms (ActiveRecord: 0.0ms)


  
ActionView::Template::Error (undefined method `username' for nil:NilClass):
    1: <% @user.username %>'s stats
  
app/views/users/show.html.erb:1:in `_app_views_users_show_html_erb__1181396562018898238_70111114874620'
  Rendering /Users/wellingtonvicioso/.rvm/gems/ruby-2.3.0/gems/actionpack-5.0.0.1/lib/action_dispatch/middleware/templates/rescues/template_error.html.erb within rescues/layout
  Rendering /Users/wellingtonvicioso/.rvm/gems/ruby-2.3.0/gems/actionpack-5.0.0.1/lib/action_dispatch/middleware/templates/rescues/_source.html.erb
  Rendered /Users/wellingtonvicioso/.rvm/gems/ruby-2.3.0/gems/actionpack-5.0.0.1/lib/action_dispatch/middleware/templates/rescues/_source.html.erb (4.3ms)
  Rendering /Users/wellingtonvicioso/.rvm/gems/ruby-2.3.0/gems/actionpack-5.0.0.1/lib/action_dispatch/middleware/templates/rescues/_trace.html.erb
  Rendered /Users/wellingtonvicioso/.rvm/gems/ruby-2.3.0/gems/actionpack-5.0.0.1/lib/action_dispatch/middleware/templates/rescues/_trace.html.erb (1.8ms)
  Rendering /Users/wellingtonvicioso/.rvm/gems/ruby-2.3.0/gems/actionpack-5.0.0.1/lib/action_dispatch/middleware/templates/rescues/_request_and_response.html.erb
  Rendered /Users/wellingtonvicioso/.rvm/gems/ruby-2.3.0/gems/actionpack-5.0.0.1/lib/action_dispatch/middleware/templates/rescues/_request_and_response.html.erb (1.3ms)
  Rendered /Users/wellingtonvicioso/.rvm/gems/ruby-2.3.0/gems/actionpack-5.0.0.1/lib/action_dispatch/middleware/templates/rescues/template_error.html.erb within rescues/layout (76.7ms)
Started GET "/" for ::1 at 2016-10-31 19:55:12 -0400
Processing by GamesController#index as HTML
  Rendering games/index.html.erb within layouts/application
  Rendered games/index.html.erb within layouts/application (0.4ms)
  [1m[36mUser Load (0.5ms)[0m  [1m[34mSELECT  "users".* FROM "users" WHERE "users"."id" = $1 LIMIT $2[0m  [["id", 2], ["LIMIT", 1]]
Completed 200 OK in 65ms (Views: 56.9ms | ActiveRecord: 5.8ms)


Started GET "/users/2" for ::1 at 2016-10-31 19:55:13 -0400
Processing by UsersController#show as HTML
  Parameters: {"id"=>"2"}
  [1m[36mUser Load (0.2ms)[0m  [1m[34mSELECT  "users".* FROM "users" WHERE "users"."id" = $1 LIMIT $2[0m  [["id", 2], ["LIMIT", 1]]
  Rendering users/show.html.erb within layouts/application
  Rendered users/show.html.erb within layouts/application (0.5ms)
  [1m[36mCACHE (0.0ms)[0m  [1m[34mSELECT  "users".* FROM "users" WHERE "users"."id" = $1 LIMIT $2[0m  [["id", 2], ["LIMIT", 1]]
  [1m[36mCACHE (0.0ms)[0m  [1m[34mSELECT  "users".* FROM "users" WHERE "users"."id" = $1 LIMIT $2[0m  [["id", 2], ["LIMIT", 1]]
Completed 200 OK in 43ms (Views: 40.4ms | ActiveRecord: 0.3ms)


Started GET "/users/2" for ::1 at 2016-10-31 19:55:41 -0400
Processing by UsersController#show as HTML
  Parameters: {"id"=>"2"}
  [1m[36mUser Load (0.2ms)[0m  [1m[34mSELECT  "users".* FROM "users" WHERE "users"."id" = $1 LIMIT $2[0m  [["id", 2], ["LIMIT", 1]]
  Rendering users/show.html.erb within layouts/application
  Rendered users/show.html.erb within layouts/application (0.9ms)
  [1m[36mCACHE (0.0ms)[0m  [1m[34mSELECT  "users".* FROM "users" WHERE "users"."id" = $1 LIMIT $2[0m  [["id", 2], ["LIMIT", 1]]
  [1m[36mCACHE (0.0ms)[0m  [1m[34mSELECT  "users".* FROM "users" WHERE "users"."id" = $1 LIMIT $2[0m  [["id", 2], ["LIMIT", 1]]
Completed 200 OK in 47ms (Views: 43.3ms | ActiveRecord: 0.3ms)


Started GET "/users/2" for ::1 at 2016-10-31 19:58:49 -0400
Processing by UsersController#show as HTML
  Parameters: {"id"=>"2"}
  [1m[36mUser Load (0.5ms)[0m  [1m[34mSELECT  "users".* FROM "users" WHERE "users"."id" = $1 LIMIT $2[0m  [["id", 2], ["LIMIT", 1]]
  Rendering users/show.html.erb within layouts/application
  Rendered users/show.html.erb within layouts/application (0.4ms)
  [1m[36mCACHE (0.0ms)[0m  [1m[34mSELECT  "users".* FROM "users" WHERE "users"."id" = $1 LIMIT $2[0m  [["id", 2], ["LIMIT", 1]]
  [1m[36mCACHE (0.0ms)[0m  [1m[34mSELECT  "users".* FROM "users" WHERE "users"."id" = $1 LIMIT $2[0m  [["id", 2], ["LIMIT", 1]]
Completed 200 OK in 58ms (Views: 55.6ms | ActiveRecord: 0.5ms)


Started GET "/users/2" for ::1 at 2016-10-31 20:04:47 -0400
Processing by UsersController#show as HTML
  Parameters: {"id"=>"2"}
  [1m[36mUser Load (0.4ms)[0m  [1m[34mSELECT  "users".* FROM "users" WHERE "users"."id" = $1 LIMIT $2[0m  [["id", 2], ["LIMIT", 1]]
  Rendering users/show.html.erb within layouts/application
  Rendered users/show.html.erb within layouts/application (0.6ms)
  [1m[36mCACHE (0.1ms)[0m  [1m[34mSELECT  "users".* FROM "users" WHERE "users"."id" = $1 LIMIT $2[0m  [["id", 2], ["LIMIT", 1]]
  [1m[36mCACHE (0.0ms)[0m  [1m[34mSELECT  "users".* FROM "users" WHERE "users"."id" = $1 LIMIT $2[0m  [["id", 2], ["LIMIT", 1]]
Completed 200 OK in 50ms (Views: 46.6ms | ActiveRecord: 0.5ms)


Started GET "/users/2" for ::1 at 2016-10-31 20:10:23 -0400
Processing by UsersController#show as HTML
  Parameters: {"id"=>"2"}
  [1m[36mUser Load (0.8ms)[0m  [1m[34mSELECT  "users".* FROM "users" WHERE "users"."id" = $1 LIMIT $2[0m  [["id", 2], ["LIMIT", 1]]
  Rendering users/show.html.erb within layouts/application
  Rendered users/show.html.erb within layouts/application (0.8ms)
  [1m[36mCACHE (0.1ms)[0m  [1m[34mSELECT  "users".* FROM "users" WHERE "users"."id" = $1 LIMIT $2[0m  [["id", 2], ["LIMIT", 1]]
  [1m[36mCACHE (0.0ms)[0m  [1m[34mSELECT  "users".* FROM "users" WHERE "users"."id" = $1 LIMIT $2[0m  [["id", 2], ["LIMIT", 1]]
Completed 200 OK in 72ms (Views: 67.4ms | ActiveRecord: 0.9ms)


Started GET "/users/2" for ::1 at 2016-10-31 20:10:50 -0400
Processing by UsersController#show as HTML
  Parameters: {"id"=>"2"}
  [1m[36mUser Load (0.6ms)[0m  [1m[34mSELECT  "users".* FROM "users" WHERE "users"."id" = $1 LIMIT $2[0m  [["id", 2], ["LIMIT", 1]]
  Rendering users/show.html.erb within layouts/application
  Rendered users/show.html.erb within layouts/application (0.4ms)
  [1m[36mCACHE (0.0ms)[0m  [1m[34mSELECT  "users".* FROM "users" WHERE "users"."id" = $1 LIMIT $2[0m  [["id", 2], ["LIMIT", 1]]
  [1m[36mCACHE (0.0ms)[0m  [1m[34mSELECT  "users".* FROM "users" WHERE "users"."id" = $1 LIMIT $2[0m  [["id", 2], ["LIMIT", 1]]
Completed 200 OK in 78ms (Views: 75.3ms | ActiveRecord: 0.6ms)


Started GET "/users/2" for ::1 at 2016-10-31 20:11:13 -0400
Processing by UsersController#show as HTML
  Parameters: {"id"=>"2"}
  [1m[36mUser Load (0.3ms)[0m  [1m[34mSELECT  "users".* FROM "users" WHERE "users"."id" = $1 LIMIT $2[0m  [["id", 2], ["LIMIT", 1]]
  Rendering users/show.html.erb within layouts/application
  Rendered users/show.html.erb within layouts/application (0.7ms)
  [1m[36mCACHE (0.0ms)[0m  [1m[34mSELECT  "users".* FROM "users" WHERE "users"."id" = $1 LIMIT $2[0m  [["id", 2], ["LIMIT", 1]]
  [1m[36mCACHE (0.0ms)[0m  [1m[34mSELECT  "users".* FROM "users" WHERE "users"."id" = $1 LIMIT $2[0m  [["id", 2], ["LIMIT", 1]]
Completed 200 OK in 54ms (Views: 52.0ms | ActiveRecord: 0.3ms)


Started GET "/users/2" for ::1 at 2016-10-31 20:11:16 -0400
Processing by UsersController#show as HTML
  Parameters: {"id"=>"2"}
  [1m[36mUser Load (0.3ms)[0m  [1m[34mSELECT  "users".* FROM "users" WHERE "users"."id" = $1 LIMIT $2[0m  [["id", 2], ["LIMIT", 1]]
  Rendering users/show.html.erb within layouts/application
  Rendered users/show.html.erb within layouts/application (0.6ms)
  [1m[36mCACHE (0.0ms)[0m  [1m[34mSELECT  "users".* FROM "users" WHERE "users"."id" = $1 LIMIT $2[0m  [["id", 2], ["LIMIT", 1]]
  [1m[36mCACHE (0.0ms)[0m  [1m[34mSELECT  "users".* FROM "users" WHERE "users"."id" = $1 LIMIT $2[0m  [["id", 2], ["LIMIT", 1]]
Completed 200 OK in 41ms (Views: 38.4ms | ActiveRecord: 0.4ms)


Started GET "/users/2" for ::1 at 2016-10-31 20:11:36 -0400
Processing by UsersController#show as HTML
  Parameters: {"id"=>"2"}
  [1m[36mUser Load (0.2ms)[0m  [1m[34mSELECT  "users".* FROM "users" WHERE "users"."id" = $1 LIMIT $2[0m  [["id", 2], ["LIMIT", 1]]
  Rendering users/show.html.erb within layouts/application
  Rendered users/show.html.erb within layouts/application (0.6ms)
  [1m[36mCACHE (0.0ms)[0m  [1m[34mSELECT  "users".* FROM "users" WHERE "users"."id" = $1 LIMIT $2[0m  [["id", 2], ["LIMIT", 1]]
  [1m[36mCACHE (0.0ms)[0m  [1m[34mSELECT  "users".* FROM "users" WHERE "users"."id" = $1 LIMIT $2[0m  [["id", 2], ["LIMIT", 1]]
Completed 200 OK in 36ms (Views: 33.8ms | ActiveRecord: 0.2ms)


Started GET "/users/2" for ::1 at 2016-10-31 20:11:45 -0400
Processing by UsersController#show as HTML
  Parameters: {"id"=>"2"}
  [1m[36mUser Load (0.3ms)[0m  [1m[34mSELECT  "users".* FROM "users" WHERE "users"."id" = $1 LIMIT $2[0m  [["id", 2], ["LIMIT", 1]]
  Rendering users/show.html.erb within layouts/application
  Rendered users/show.html.erb within layouts/application (0.5ms)
  [1m[36mCACHE (0.0ms)[0m  [1m[34mSELECT  "users".* FROM "users" WHERE "users"."id" = $1 LIMIT $2[0m  [["id", 2], ["LIMIT", 1]]
  [1m[36mCACHE (0.0ms)[0m  [1m[34mSELECT  "users".* FROM "users" WHERE "users"."id" = $1 LIMIT $2[0m  [["id", 2], ["LIMIT", 1]]
Completed 200 OK in 68ms (Views: 65.6ms | ActiveRecord: 0.3ms)


Started GET "/users/2" for ::1 at 2016-10-31 20:12:04 -0400
Processing by UsersController#show as HTML
  Parameters: {"id"=>"2"}
  [1m[36mUser Load (0.2ms)[0m  [1m[34mSELECT  "users".* FROM "users" WHERE "users"."id" = $1 LIMIT $2[0m  [["id", 2], ["LIMIT", 1]]
  Rendering users/show.html.erb within layouts/application
  Rendered users/show.html.erb within layouts/application (0.4ms)
  [1m[36mCACHE (0.0ms)[0m  [1m[34mSELECT  "users".* FROM "users" WHERE "users"."id" = $1 LIMIT $2[0m  [["id", 2], ["LIMIT", 1]]
  [1m[36mCACHE (0.0ms)[0m  [1m[34mSELECT  "users".* FROM "users" WHERE "users"."id" = $1 LIMIT $2[0m  [["id", 2], ["LIMIT", 1]]
Completed 200 OK in 34ms (Views: 31.9ms | ActiveRecord: 0.3ms)


Started GET "/users/2" for ::1 at 2016-10-31 20:12:28 -0400
Processing by UsersController#show as HTML
  Parameters: {"id"=>"2"}
  [1m[36mUser Load (0.3ms)[0m  [1m[34mSELECT  "users".* FROM "users" WHERE "users"."id" = $1 LIMIT $2[0m  [["id", 2], ["LIMIT", 1]]
  Rendering users/show.html.erb within layouts/application
  Rendered users/show.html.erb within layouts/application (0.6ms)
  [1m[36mCACHE (0.0ms)[0m  [1m[34mSELECT  "users".* FROM "users" WHERE "users"."id" = $1 LIMIT $2[0m  [["id", 2], ["LIMIT", 1]]
  [1m[36mCACHE (0.0ms)[0m  [1m[34mSELECT  "users".* FROM "users" WHERE "users"."id" = $1 LIMIT $2[0m  [["id", 2], ["LIMIT", 1]]
Completed 200 OK in 38ms (Views: 35.2ms | ActiveRecord: 0.3ms)


Started GET "/users/2" for ::1 at 2016-10-31 20:12:59 -0400
Processing by UsersController#show as HTML
  Parameters: {"id"=>"2"}
  [1m[36mUser Load (0.3ms)[0m  [1m[34mSELECT  "users".* FROM "users" WHERE "users"."id" = $1 LIMIT $2[0m  [["id", 2], ["LIMIT", 1]]
  Rendering users/show.html.erb within layouts/application
  Rendered users/show.html.erb within layouts/application (0.4ms)
  [1m[36mCACHE (0.0ms)[0m  [1m[34mSELECT  "users".* FROM "users" WHERE "users"."id" = $1 LIMIT $2[0m  [["id", 2], ["LIMIT", 1]]
  [1m[36mCACHE (0.0ms)[0m  [1m[34mSELECT  "users".* FROM "users" WHERE "users"."id" = $1 LIMIT $2[0m  [["id", 2], ["LIMIT", 1]]
Completed 200 OK in 52ms (Views: 49.4ms | ActiveRecord: 0.3ms)


Started GET "/users/2" for ::1 at 2016-10-31 20:14:53 -0400
Processing by UsersController#show as HTML
  Parameters: {"id"=>"2"}
  [1m[36mUser Load (0.2ms)[0m  [1m[34mSELECT  "users".* FROM "users" WHERE "users"."id" = $1 LIMIT $2[0m  [["id", 2], ["LIMIT", 1]]
  Rendering users/show.html.erb within layouts/application
  Rendered users/show.html.erb within layouts/application (0.4ms)
  [1m[36mCACHE (0.0ms)[0m  [1m[34mSELECT  "users".* FROM "users" WHERE "users"."id" = $1 LIMIT $2[0m  [["id", 2], ["LIMIT", 1]]
  [1m[36mCACHE (0.0ms)[0m  [1m[34mSELECT  "users".* FROM "users" WHERE "users"."id" = $1 LIMIT $2[0m  [["id", 2], ["LIMIT", 1]]
Completed 200 OK in 45ms (Views: 42.5ms | ActiveRecord: 0.2ms)


Started GET "/users/2" for ::1 at 2016-10-31 20:15:47 -0400
Processing by UsersController#show as HTML
  Parameters: {"id"=>"2"}
  [1m[36mUser Load (0.4ms)[0m  [1m[34mSELECT  "users".* FROM "users" WHERE "users"."id" = $1 LIMIT $2[0m  [["id", 2], ["LIMIT", 1]]
  Rendering users/show.html.erb within layouts/application
  Rendered users/show.html.erb within layouts/application (0.5ms)
  [1m[36mCACHE (0.0ms)[0m  [1m[34mSELECT  "users".* FROM "users" WHERE "users"."id" = $1 LIMIT $2[0m  [["id", 2], ["LIMIT", 1]]
  [1m[36mCACHE (0.0ms)[0m  [1m[34mSELECT  "users".* FROM "users" WHERE "users"."id" = $1 LIMIT $2[0m  [["id", 2], ["LIMIT", 1]]
Completed 200 OK in 54ms (Views: 51.3ms | ActiveRecord: 0.5ms)


Started GET "/users/2" for ::1 at 2016-10-31 20:18:18 -0400
Processing by UsersController#show as HTML
  Parameters: {"id"=>"2"}
  [1m[36mUser Load (0.2ms)[0m  [1m[34mSELECT  "users".* FROM "users" WHERE "users"."id" = $1 LIMIT $2[0m  [["id", 2], ["LIMIT", 1]]
  Rendering users/show.html.erb within layouts/application
  Rendered users/show.html.erb within layouts/application (0.5ms)
  [1m[36mCACHE (0.0ms)[0m  [1m[34mSELECT  "users".* FROM "users" WHERE "users"."id" = $1 LIMIT $2[0m  [["id", 2], ["LIMIT", 1]]
  [1m[36mCACHE (0.0ms)[0m  [1m[34mSELECT  "users".* FROM "users" WHERE "users"."id" = $1 LIMIT $2[0m  [["id", 2], ["LIMIT", 1]]
Completed 200 OK in 59ms (Views: 56.8ms | ActiveRecord: 0.2ms)


Started GET "/users/2" for ::1 at 2016-10-31 20:18:41 -0400
Processing by UsersController#show as HTML
  Parameters: {"id"=>"2"}
  [1m[36mUser Load (0.4ms)[0m  [1m[34mSELECT  "users".* FROM "users" WHERE "users"."id" = $1 LIMIT $2[0m  [["id", 2], ["LIMIT", 1]]
  Rendering users/show.html.erb within layouts/application
  Rendered users/show.html.erb within layouts/application (0.4ms)
  [1m[36mCACHE (0.0ms)[0m  [1m[34mSELECT  "users".* FROM "users" WHERE "users"."id" = $1 LIMIT $2[0m  [["id", 2], ["LIMIT", 1]]
  [1m[36mCACHE (0.0ms)[0m  [1m[34mSELECT  "users".* FROM "users" WHERE "users"."id" = $1 LIMIT $2[0m  [["id", 2], ["LIMIT", 1]]
Completed 200 OK in 32ms (Views: 29.3ms | ActiveRecord: 0.4ms)


Started GET "/users/2" for ::1 at 2016-10-31 20:18:47 -0400
Processing by UsersController#show as HTML
  Parameters: {"id"=>"2"}
  [1m[36mUser Load (0.2ms)[0m  [1m[34mSELECT  "users".* FROM "users" WHERE "users"."id" = $1 LIMIT $2[0m  [["id", 2], ["LIMIT", 1]]
  Rendering users/show.html.erb within layouts/application
  Rendered users/show.html.erb within layouts/application (0.5ms)
  [1m[36mCACHE (0.0ms)[0m  [1m[34mSELECT  "users".* FROM "users" WHERE "users"."id" = $1 LIMIT $2[0m  [["id", 2], ["LIMIT", 1]]
  [1m[36mCACHE (0.0ms)[0m  [1m[34mSELECT  "users".* FROM "users" WHERE "users"."id" = $1 LIMIT $2[0m  [["id", 2], ["LIMIT", 1]]
Completed 200 OK in 46ms (Views: 43.6ms | ActiveRecord: 0.2ms)


Started GET "/users/2" for ::1 at 2016-10-31 20:19:30 -0400
Processing by UsersController#show as HTML
  Parameters: {"id"=>"2"}
  [1m[36mUser Load (0.2ms)[0m  [1m[34mSELECT  "users".* FROM "users" WHERE "users"."id" = $1 LIMIT $2[0m  [["id", 2], ["LIMIT", 1]]
  Rendering users/show.html.erb within layouts/application
  Rendered users/show.html.erb within layouts/application (0.8ms)
  [1m[36mCACHE (0.0ms)[0m  [1m[34mSELECT  "users".* FROM "users" WHERE "users"."id" = $1 LIMIT $2[0m  [["id", 2], ["LIMIT", 1]]
  [1m[36mCACHE (0.0ms)[0m  [1m[34mSELECT  "users".* FROM "users" WHERE "users"."id" = $1 LIMIT $2[0m  [["id", 2], ["LIMIT", 1]]
Completed 200 OK in 50ms (Views: 48.1ms | ActiveRecord: 0.2ms)


Started GET "/users/2" for ::1 at 2016-10-31 20:19:31 -0400
Processing by UsersController#show as HTML
  Parameters: {"id"=>"2"}
  [1m[36mUser Load (0.2ms)[0m  [1m[34mSELECT  "users".* FROM "users" WHERE "users"."id" = $1 LIMIT $2[0m  [["id", 2], ["LIMIT", 1]]
  Rendering users/show.html.erb within layouts/application
  Rendered users/show.html.erb within layouts/application (0.7ms)
  [1m[36mCACHE (0.0ms)[0m  [1m[34mSELECT  "users".* FROM "users" WHERE "users"."id" = $1 LIMIT $2[0m  [["id", 2], ["LIMIT", 1]]
  [1m[36mCACHE (0.0ms)[0m  [1m[34mSELECT  "users".* FROM "users" WHERE "users"."id" = $1 LIMIT $2[0m  [["id", 2], ["LIMIT", 1]]
Completed 200 OK in 57ms (Views: 55.6ms | ActiveRecord: 0.2ms)


Started GET "/users/2" for ::1 at 2016-10-31 20:19:52 -0400
Processing by UsersController#show as HTML
  Parameters: {"id"=>"2"}
  [1m[36mUser Load (0.4ms)[0m  [1m[34mSELECT  "users".* FROM "users" WHERE "users"."id" = $1 LIMIT $2[0m  [["id", 2], ["LIMIT", 1]]
  Rendering users/show.html.erb within layouts/application
  Rendered users/show.html.erb within layouts/application (0.5ms)
  [1m[36mCACHE (0.0ms)[0m  [1m[34mSELECT  "users".* FROM "users" WHERE "users"."id" = $1 LIMIT $2[0m  [["id", 2], ["LIMIT", 1]]
  [1m[36mCACHE (0.0ms)[0m  [1m[34mSELECT  "users".* FROM "users" WHERE "users"."id" = $1 LIMIT $2[0m  [["id", 2], ["LIMIT", 1]]
Completed 200 OK in 40ms (Views: 37.7ms | ActiveRecord: 0.4ms)


Started GET "/users/2" for ::1 at 2016-10-31 20:22:59 -0400
Processing by UsersController#show as HTML
  Parameters: {"id"=>"2"}
  [1m[36mUser Load (1.2ms)[0m  [1m[34mSELECT  "users".* FROM "users" WHERE "users"."id" = $1 LIMIT $2[0m  [["id", 2], ["LIMIT", 1]]
  Rendering users/show.html.erb within layouts/application
  Rendered users/show.html.erb within layouts/application (5.4ms)
  [1m[36mCACHE (0.0ms)[0m  [1m[34mSELECT  "users".* FROM "users" WHERE "users"."id" = $1 LIMIT $2[0m  [["id", 2], ["LIMIT", 1]]
  [1m[36mCACHE (0.0ms)[0m  [1m[34mSELECT  "users".* FROM "users" WHERE "users"."id" = $1 LIMIT $2[0m  [["id", 2], ["LIMIT", 1]]
Completed 200 OK in 134ms (Views: 112.8ms | ActiveRecord: 1.3ms)


Started GET "/users/2" for ::1 at 2016-10-31 20:23:28 -0400
Processing by UsersController#show as HTML
  Parameters: {"id"=>"2"}
  [1m[36mUser Load (0.8ms)[0m  [1m[34mSELECT  "users".* FROM "users" WHERE "users"."id" = $1 LIMIT $2[0m  [["id", 2], ["LIMIT", 1]]
  Rendering users/show.html.erb within layouts/application
  Rendered users/show.html.erb within layouts/application (0.4ms)
  [1m[36mCACHE (0.0ms)[0m  [1m[34mSELECT  "users".* FROM "users" WHERE "users"."id" = $1 LIMIT $2[0m  [["id", 2], ["LIMIT", 1]]
  [1m[36mCACHE (0.0ms)[0m  [1m[34mSELECT  "users".* FROM "users" WHERE "users"."id" = $1 LIMIT $2[0m  [["id", 2], ["LIMIT", 1]]
Completed 200 OK in 80ms (Views: 76.2ms | ActiveRecord: 0.9ms)


Started GET "/users/2" for ::1 at 2016-10-31 20:23:30 -0400
Processing by UsersController#show as HTML
  Parameters: {"id"=>"2"}
  [1m[36mUser Load (0.2ms)[0m  [1m[34mSELECT  "users".* FROM "users" WHERE "users"."id" = $1 LIMIT $2[0m  [["id", 2], ["LIMIT", 1]]
  Rendering users/show.html.erb within layouts/application
  Rendered users/show.html.erb within layouts/application (0.5ms)
  [1m[36mCACHE (0.0ms)[0m  [1m[34mSELECT  "users".* FROM "users" WHERE "users"."id" = $1 LIMIT $2[0m  [["id", 2], ["LIMIT", 1]]
  [1m[36mCACHE (0.0ms)[0m  [1m[34mSELECT  "users".* FROM "users" WHERE "users"."id" = $1 LIMIT $2[0m  [["id", 2], ["LIMIT", 1]]
Completed 200 OK in 48ms (Views: 46.4ms | ActiveRecord: 0.2ms)


Started GET "/users/2" for ::1 at 2016-10-31 20:23:36 -0400
Processing by UsersController#show as HTML
  Parameters: {"id"=>"2"}
  [1m[36mUser Load (0.2ms)[0m  [1m[34mSELECT  "users".* FROM "users" WHERE "users"."id" = $1 LIMIT $2[0m  [["id", 2], ["LIMIT", 1]]
  Rendering users/show.html.erb within layouts/application
  Rendered users/show.html.erb within layouts/application (0.5ms)
  [1m[36mCACHE (0.0ms)[0m  [1m[34mSELECT  "users".* FROM "users" WHERE "users"."id" = $1 LIMIT $2[0m  [["id", 2], ["LIMIT", 1]]
  [1m[36mCACHE (0.0ms)[0m  [1m[34mSELECT  "users".* FROM "users" WHERE "users"."id" = $1 LIMIT $2[0m  [["id", 2], ["LIMIT", 1]]
Completed 200 OK in 45ms (Views: 42.5ms | ActiveRecord: 0.2ms)


Started GET "/users/2" for ::1 at 2016-10-31 20:23:45 -0400
Processing by UsersController#show as HTML
  Parameters: {"id"=>"2"}
  [1m[36mUser Load (0.5ms)[0m  [1m[34mSELECT  "users".* FROM "users" WHERE "users"."id" = $1 LIMIT $2[0m  [["id", 2], ["LIMIT", 1]]
  Rendering users/show.html.erb within layouts/application
  Rendered users/show.html.erb within layouts/application (0.5ms)
  [1m[36mCACHE (0.0ms)[0m  [1m[34mSELECT  "users".* FROM "users" WHERE "users"."id" = $1 LIMIT $2[0m  [["id", 2], ["LIMIT", 1]]
  [1m[36mCACHE (0.0ms)[0m  [1m[34mSELECT  "users".* FROM "users" WHERE "users"."id" = $1 LIMIT $2[0m  [["id", 2], ["LIMIT", 1]]
Completed 200 OK in 79ms (Views: 74.5ms | ActiveRecord: 0.5ms)


Started GET "/users/2" for ::1 at 2016-10-31 20:23:50 -0400
Processing by UsersController#show as HTML
  Parameters: {"id"=>"2"}
  [1m[36mUser Load (0.5ms)[0m  [1m[34mSELECT  "users".* FROM "users" WHERE "users"."id" = $1 LIMIT $2[0m  [["id", 2], ["LIMIT", 1]]
  Rendering users/show.html.erb within layouts/application
  Rendered users/show.html.erb within layouts/application (0.5ms)
  [1m[36mCACHE (0.0ms)[0m  [1m[34mSELECT  "users".* FROM "users" WHERE "users"."id" = $1 LIMIT $2[0m  [["id", 2], ["LIMIT", 1]]
  [1m[36mCACHE (0.0ms)[0m  [1m[34mSELECT  "users".* FROM "users" WHERE "users"."id" = $1 LIMIT $2[0m  [["id", 2], ["LIMIT", 1]]
Completed 200 OK in 52ms (Views: 48.7ms | ActiveRecord: 0.5ms)


Started GET "/users/2" for ::1 at 2016-10-31 20:23:51 -0400
Processing by UsersController#show as HTML
  Parameters: {"id"=>"2"}
  [1m[36mUser Load (0.1ms)[0m  [1m[34mSELECT  "users".* FROM "users" WHERE "users"."id" = $1 LIMIT $2[0m  [["id", 2], ["LIMIT", 1]]
  Rendering users/show.html.erb within layouts/application
  Rendered users/show.html.erb within layouts/application (0.3ms)
  [1m[36mCACHE (0.0ms)[0m  [1m[34mSELECT  "users".* FROM "users" WHERE "users"."id" = $1 LIMIT $2[0m  [["id", 2], ["LIMIT", 1]]
  [1m[36mCACHE (0.0ms)[0m  [1m[34mSELECT  "users".* FROM "users" WHERE "users"."id" = $1 LIMIT $2[0m  [["id", 2], ["LIMIT", 1]]
Completed 200 OK in 36ms (Views: 34.9ms | ActiveRecord: 0.2ms)


Started GET "/users/2" for ::1 at 2016-10-31 20:24:03 -0400
Processing by UsersController#show as HTML
  Parameters: {"id"=>"2"}
  [1m[36mUser Load (0.2ms)[0m  [1m[34mSELECT  "users".* FROM "users" WHERE "users"."id" = $1 LIMIT $2[0m  [["id", 2], ["LIMIT", 1]]
  Rendering users/show.html.erb within layouts/application
  Rendered users/show.html.erb within layouts/application (0.4ms)
  [1m[36mCACHE (0.0ms)[0m  [1m[34mSELECT  "users".* FROM "users" WHERE "users"."id" = $1 LIMIT $2[0m  [["id", 2], ["LIMIT", 1]]
  [1m[36mCACHE (0.0ms)[0m  [1m[34mSELECT  "users".* FROM "users" WHERE "users"."id" = $1 LIMIT $2[0m  [["id", 2], ["LIMIT", 1]]
Completed 200 OK in 54ms (Views: 52.2ms | ActiveRecord: 0.3ms)


Started GET "/users/2" for ::1 at 2016-10-31 20:24:11 -0400
Processing by UsersController#show as HTML
  Parameters: {"id"=>"2"}
  [1m[36mUser Load (0.2ms)[0m  [1m[34mSELECT  "users".* FROM "users" WHERE "users"."id" = $1 LIMIT $2[0m  [["id", 2], ["LIMIT", 1]]
  Rendering users/show.html.erb within layouts/application
  Rendered users/show.html.erb within layouts/application (0.4ms)
  [1m[36mCACHE (0.0ms)[0m  [1m[34mSELECT  "users".* FROM "users" WHERE "users"."id" = $1 LIMIT $2[0m  [["id", 2], ["LIMIT", 1]]
  [1m[36mCACHE (0.0ms)[0m  [1m[34mSELECT  "users".* FROM "users" WHERE "users"."id" = $1 LIMIT $2[0m  [["id", 2], ["LIMIT", 1]]
Completed 200 OK in 41ms (Views: 38.6ms | ActiveRecord: 0.2ms)


Started GET "/users/2" for ::1 at 2016-10-31 20:24:24 -0400
Processing by UsersController#show as HTML
  Parameters: {"id"=>"2"}
  [1m[36mUser Load (0.2ms)[0m  [1m[34mSELECT  "users".* FROM "users" WHERE "users"."id" = $1 LIMIT $2[0m  [["id", 2], ["LIMIT", 1]]
  Rendering users/show.html.erb within layouts/application
  Rendered users/show.html.erb within layouts/application (0.4ms)
  [1m[36mCACHE (0.0ms)[0m  [1m[34mSELECT  "users".* FROM "users" WHERE "users"."id" = $1 LIMIT $2[0m  [["id", 2], ["LIMIT", 1]]
  [1m[36mCACHE (0.0ms)[0m  [1m[34mSELECT  "users".* FROM "users" WHERE "users"."id" = $1 LIMIT $2[0m  [["id", 2], ["LIMIT", 1]]
Completed 200 OK in 36ms (Views: 34.5ms | ActiveRecord: 0.2ms)


Started GET "/users/2" for ::1 at 2016-10-31 20:24:41 -0400
Processing by UsersController#show as HTML
  Parameters: {"id"=>"2"}
  [1m[36mUser Load (0.3ms)[0m  [1m[34mSELECT  "users".* FROM "users" WHERE "users"."id" = $1 LIMIT $2[0m  [["id", 2], ["LIMIT", 1]]
  Rendering users/show.html.erb within layouts/application
  Rendered users/show.html.erb within layouts/application (0.5ms)
  [1m[36mCACHE (0.0ms)[0m  [1m[34mSELECT  "users".* FROM "users" WHERE "users"."id" = $1 LIMIT $2[0m  [["id", 2], ["LIMIT", 1]]
  [1m[36mCACHE (0.0ms)[0m  [1m[34mSELECT  "users".* FROM "users" WHERE "users"."id" = $1 LIMIT $2[0m  [["id", 2], ["LIMIT", 1]]
Completed 200 OK in 49ms (Views: 46.4ms | ActiveRecord: 0.3ms)


Started GET "/users/2" for ::1 at 2016-10-31 20:25:05 -0400
Processing by UsersController#show as HTML
  Parameters: {"id"=>"2"}
  [1m[36mUser Load (0.2ms)[0m  [1m[34mSELECT  "users".* FROM "users" WHERE "users"."id" = $1 LIMIT $2[0m  [["id", 2], ["LIMIT", 1]]
  Rendering users/show.html.erb within layouts/application
  Rendered users/show.html.erb within layouts/application (0.4ms)
  [1m[36mCACHE (0.0ms)[0m  [1m[34mSELECT  "users".* FROM "users" WHERE "users"."id" = $1 LIMIT $2[0m  [["id", 2], ["LIMIT", 1]]
  [1m[36mCACHE (0.0ms)[0m  [1m[34mSELECT  "users".* FROM "users" WHERE "users"."id" = $1 LIMIT $2[0m  [["id", 2], ["LIMIT", 1]]
Completed 200 OK in 44ms (Views: 42.3ms | ActiveRecord: 0.2ms)


Started GET "/users/2" for ::1 at 2016-10-31 20:25:19 -0400
Processing by UsersController#show as HTML
  Parameters: {"id"=>"2"}
  [1m[36mUser Load (0.2ms)[0m  [1m[34mSELECT  "users".* FROM "users" WHERE "users"."id" = $1 LIMIT $2[0m  [["id", 2], ["LIMIT", 1]]
  Rendering users/show.html.erb within layouts/application
  Rendered users/show.html.erb within layouts/application (0.4ms)
  [1m[36mCACHE (0.0ms)[0m  [1m[34mSELECT  "users".* FROM "users" WHERE "users"."id" = $1 LIMIT $2[0m  [["id", 2], ["LIMIT", 1]]
  [1m[36mCACHE (0.0ms)[0m  [1m[34mSELECT  "users".* FROM "users" WHERE "users"."id" = $1 LIMIT $2[0m  [["id", 2], ["LIMIT", 1]]
Completed 200 OK in 53ms (Views: 50.8ms | ActiveRecord: 0.2ms)


Started GET "/users/2" for ::1 at 2016-10-31 20:25:20 -0400
Processing by UsersController#show as HTML
  Parameters: {"id"=>"2"}
  [1m[36mUser Load (0.1ms)[0m  [1m[34mSELECT  "users".* FROM "users" WHERE "users"."id" = $1 LIMIT $2[0m  [["id", 2], ["LIMIT", 1]]
  Rendering users/show.html.erb within layouts/application
  Rendered users/show.html.erb within layouts/application (0.4ms)
  [1m[36mCACHE (0.0ms)[0m  [1m[34mSELECT  "users".* FROM "users" WHERE "users"."id" = $1 LIMIT $2[0m  [["id", 2], ["LIMIT", 1]]
  [1m[36mCACHE (0.0ms)[0m  [1m[34mSELECT  "users".* FROM "users" WHERE "users"."id" = $1 LIMIT $2[0m  [["id", 2], ["LIMIT", 1]]
Completed 200 OK in 46ms (Views: 43.9ms | ActiveRecord: 0.2ms)


Started GET "/users/2" for ::1 at 2016-10-31 20:26:21 -0400
Processing by UsersController#show as HTML
  Parameters: {"id"=>"2"}
  [1m[36mUser Load (0.3ms)[0m  [1m[34mSELECT  "users".* FROM "users" WHERE "users"."id" = $1 LIMIT $2[0m  [["id", 2], ["LIMIT", 1]]
  Rendering users/show.html.erb within layouts/application
  Rendered users/show.html.erb within layouts/application (0.6ms)
  [1m[36mCACHE (0.0ms)[0m  [1m[34mSELECT  "users".* FROM "users" WHERE "users"."id" = $1 LIMIT $2[0m  [["id", 2], ["LIMIT", 1]]
  [1m[36mCACHE (0.0ms)[0m  [1m[34mSELECT  "users".* FROM "users" WHERE "users"."id" = $1 LIMIT $2[0m  [["id", 2], ["LIMIT", 1]]
Completed 200 OK in 40ms (Views: 37.8ms | ActiveRecord: 0.3ms)


Started GET "/users/2" for ::1 at 2016-10-31 20:26:22 -0400
Processing by UsersController#show as HTML
  Parameters: {"id"=>"2"}
  [1m[36mUser Load (0.4ms)[0m  [1m[34mSELECT  "users".* FROM "users" WHERE "users"."id" = $1 LIMIT $2[0m  [["id", 2], ["LIMIT", 1]]
  Rendering users/show.html.erb within layouts/application
  Rendered users/show.html.erb within layouts/application (0.5ms)
  [1m[36mCACHE (0.0ms)[0m  [1m[34mSELECT  "users".* FROM "users" WHERE "users"."id" = $1 LIMIT $2[0m  [["id", 2], ["LIMIT", 1]]
  [1m[36mCACHE (0.0ms)[0m  [1m[34mSELECT  "users".* FROM "users" WHERE "users"."id" = $1 LIMIT $2[0m  [["id", 2], ["LIMIT", 1]]
Completed 200 OK in 32ms (Views: 27.7ms | ActiveRecord: 0.4ms)


Started GET "/users/2" for ::1 at 2016-10-31 20:26:31 -0400
Processing by UsersController#show as HTML
  Parameters: {"id"=>"2"}
  [1m[36mUser Load (0.4ms)[0m  [1m[34mSELECT  "users".* FROM "users" WHERE "users"."id" = $1 LIMIT $2[0m  [["id", 2], ["LIMIT", 1]]
  Rendering users/show.html.erb within layouts/application
  Rendered users/show.html.erb within layouts/application (0.4ms)
  [1m[36mCACHE (0.0ms)[0m  [1m[34mSELECT  "users".* FROM "users" WHERE "users"."id" = $1 LIMIT $2[0m  [["id", 2], ["LIMIT", 1]]
  [1m[36mCACHE (0.1ms)[0m  [1m[34mSELECT  "users".* FROM "users" WHERE "users"."id" = $1 LIMIT $2[0m  [["id", 2], ["LIMIT", 1]]
Completed 200 OK in 33ms (Views: 30.0ms | ActiveRecord: 0.5ms)


Started GET "/users/2" for ::1 at 2016-10-31 20:26:32 -0400
Processing by UsersController#show as HTML
  Parameters: {"id"=>"2"}
  [1m[36mUser Load (0.8ms)[0m  [1m[34mSELECT  "users".* FROM "users" WHERE "users"."id" = $1 LIMIT $2[0m  [["id", 2], ["LIMIT", 1]]
  Rendering users/show.html.erb within layouts/application
  Rendered users/show.html.erb within layouts/application (0.8ms)
  [1m[36mCACHE (0.0ms)[0m  [1m[34mSELECT  "users".* FROM "users" WHERE "users"."id" = $1 LIMIT $2[0m  [["id", 2], ["LIMIT", 1]]
  [1m[36mCACHE (0.0ms)[0m  [1m[34mSELECT  "users".* FROM "users" WHERE "users"."id" = $1 LIMIT $2[0m  [["id", 2], ["LIMIT", 1]]
Completed 200 OK in 36ms (Views: 30.2ms | ActiveRecord: 0.8ms)


Started GET "/users/2" for ::1 at 2016-10-31 20:26:40 -0400
Processing by UsersController#show as HTML
  Parameters: {"id"=>"2"}
  [1m[36mUser Load (0.2ms)[0m  [1m[34mSELECT  "users".* FROM "users" WHERE "users"."id" = $1 LIMIT $2[0m  [["id", 2], ["LIMIT", 1]]
  Rendering users/show.html.erb within layouts/application
  Rendered users/show.html.erb within layouts/application (0.6ms)
  [1m[36mCACHE (0.0ms)[0m  [1m[34mSELECT  "users".* FROM "users" WHERE "users"."id" = $1 LIMIT $2[0m  [["id", 2], ["LIMIT", 1]]
  [1m[36mCACHE (0.0ms)[0m  [1m[34mSELECT  "users".* FROM "users" WHERE "users"."id" = $1 LIMIT $2[0m  [["id", 2], ["LIMIT", 1]]
Completed 200 OK in 44ms (Views: 41.1ms | ActiveRecord: 0.2ms)


Started GET "/users/2" for ::1 at 2016-10-31 20:26:41 -0400
Processing by UsersController#show as HTML
  Parameters: {"id"=>"2"}
  [1m[36mUser Load (0.2ms)[0m  [1m[34mSELECT  "users".* FROM "users" WHERE "users"."id" = $1 LIMIT $2[0m  [["id", 2], ["LIMIT", 1]]
  Rendering users/show.html.erb within layouts/application
  Rendered users/show.html.erb within layouts/application (0.5ms)
  [1m[36mCACHE (0.0ms)[0m  [1m[34mSELECT  "users".* FROM "users" WHERE "users"."id" = $1 LIMIT $2[0m  [["id", 2], ["LIMIT", 1]]
  [1m[36mCACHE (0.0ms)[0m  [1m[34mSELECT  "users".* FROM "users" WHERE "users"."id" = $1 LIMIT $2[0m  [["id", 2], ["LIMIT", 1]]
Completed 200 OK in 32ms (Views: 29.5ms | ActiveRecord: 0.2ms)


Started GET "/users/2" for ::1 at 2016-10-31 20:26:56 -0400
Processing by UsersController#show as HTML
  Parameters: {"id"=>"2"}
  [1m[36mUser Load (0.2ms)[0m  [1m[34mSELECT  "users".* FROM "users" WHERE "users"."id" = $1 LIMIT $2[0m  [["id", 2], ["LIMIT", 1]]
  Rendering users/show.html.erb within layouts/application
  Rendered users/show.html.erb within layouts/application (0.5ms)
  [1m[36mCACHE (0.0ms)[0m  [1m[34mSELECT  "users".* FROM "users" WHERE "users"."id" = $1 LIMIT $2[0m  [["id", 2], ["LIMIT", 1]]
  [1m[36mCACHE (0.0ms)[0m  [1m[34mSELECT  "users".* FROM "users" WHERE "users"."id" = $1 LIMIT $2[0m  [["id", 2], ["LIMIT", 1]]
Completed 200 OK in 62ms (Views: 58.4ms | ActiveRecord: 0.2ms)


Started GET "/users/2" for ::1 at 2016-10-31 20:26:58 -0400
Processing by UsersController#show as HTML
  Parameters: {"id"=>"2"}
  [1m[36mUser Load (0.2ms)[0m  [1m[34mSELECT  "users".* FROM "users" WHERE "users"."id" = $1 LIMIT $2[0m  [["id", 2], ["LIMIT", 1]]
  Rendering users/show.html.erb within layouts/application
  Rendered users/show.html.erb within layouts/application (0.5ms)
  [1m[36mCACHE (0.0ms)[0m  [1m[34mSELECT  "users".* FROM "users" WHERE "users"."id" = $1 LIMIT $2[0m  [["id", 2], ["LIMIT", 1]]
  [1m[36mCACHE (0.0ms)[0m  [1m[34mSELECT  "users".* FROM "users" WHERE "users"."id" = $1 LIMIT $2[0m  [["id", 2], ["LIMIT", 1]]
Completed 200 OK in 29ms (Views: 27.2ms | ActiveRecord: 0.2ms)


Started GET "/users/2" for ::1 at 2016-10-31 20:27:04 -0400
Processing by UsersController#show as HTML
  Parameters: {"id"=>"2"}
  [1m[36mUser Load (0.3ms)[0m  [1m[34mSELECT  "users".* FROM "users" WHERE "users"."id" = $1 LIMIT $2[0m  [["id", 2], ["LIMIT", 1]]
  Rendering users/show.html.erb within layouts/application
  Rendered users/show.html.erb within layouts/application (0.4ms)
  [1m[36mCACHE (0.0ms)[0m  [1m[34mSELECT  "users".* FROM "users" WHERE "users"."id" = $1 LIMIT $2[0m  [["id", 2], ["LIMIT", 1]]
  [1m[36mCACHE (0.0ms)[0m  [1m[34mSELECT  "users".* FROM "users" WHERE "users"."id" = $1 LIMIT $2[0m  [["id", 2], ["LIMIT", 1]]
Completed 200 OK in 44ms (Views: 41.7ms | ActiveRecord: 0.3ms)


Started GET "/users/2" for ::1 at 2016-10-31 20:27:05 -0400
Processing by UsersController#show as HTML
  Parameters: {"id"=>"2"}
  [1m[36mUser Load (0.2ms)[0m  [1m[34mSELECT  "users".* FROM "users" WHERE "users"."id" = $1 LIMIT $2[0m  [["id", 2], ["LIMIT", 1]]
  Rendering users/show.html.erb within layouts/application
  Rendered users/show.html.erb within layouts/application (0.5ms)
  [1m[36mCACHE (0.0ms)[0m  [1m[34mSELECT  "users".* FROM "users" WHERE "users"."id" = $1 LIMIT $2[0m  [["id", 2], ["LIMIT", 1]]
  [1m[36mCACHE (0.0ms)[0m  [1m[34mSELECT  "users".* FROM "users" WHERE "users"."id" = $1 LIMIT $2[0m  [["id", 2], ["LIMIT", 1]]
Completed 200 OK in 31ms (Views: 29.5ms | ActiveRecord: 0.2ms)


Started GET "/users/2" for ::1 at 2016-10-31 20:28:01 -0400
Processing by UsersController#show as HTML
  Parameters: {"id"=>"2"}
  [1m[36mUser Load (0.2ms)[0m  [1m[34mSELECT  "users".* FROM "users" WHERE "users"."id" = $1 LIMIT $2[0m  [["id", 2], ["LIMIT", 1]]
  Rendering users/show.html.erb within layouts/application
  [1m[35m (0.9ms)[0m  [1m[34mSELECT COUNT(*) FROM "games" WHERE "games"."user_id" = $1[0m  [["user_id", 2]]
  [1m[36mCACHE (0.0ms)[0m  [1m[34mSELECT COUNT(*) FROM "games" WHERE "games"."user_id" = $1[0m  [["user_id", 2]]
  [1m[36mCACHE (0.0ms)[0m  [1m[34mSELECT COUNT(*) FROM "games" WHERE "games"."user_id" = $1[0m  [["user_id", 2]]
  Rendered users/show.html.erb within layouts/application (49.3ms)
  [1m[36mCACHE (0.1ms)[0m  [1m[34mSELECT  "users".* FROM "users" WHERE "users"."id" = $1 LIMIT $2[0m  [["id", 2], ["LIMIT", 1]]
  [1m[36mCACHE (0.0ms)[0m  [1m[34mSELECT  "users".* FROM "users" WHERE "users"."id" = $1 LIMIT $2[0m  [["id", 2], ["LIMIT", 1]]
Completed 200 OK in 99ms (Views: 89.5ms | ActiveRecord: 7.3ms)


Started GET "/users/2" for ::1 at 2016-10-31 20:28:16 -0400
Processing by UsersController#show as HTML
  Parameters: {"id"=>"2"}
  [1m[36mUser Load (0.2ms)[0m  [1m[34mSELECT  "users".* FROM "users" WHERE "users"."id" = $1 LIMIT $2[0m  [["id", 2], ["LIMIT", 1]]
  Rendering users/show.html.erb within layouts/application
  [1m[35m (1.2ms)[0m  [1m[34mSELECT COUNT(*) FROM "games" WHERE "games"."user_id" = $1[0m  [["user_id", 2]]
  [1m[36mCACHE (0.0ms)[0m  [1m[34mSELECT COUNT(*) FROM "games" WHERE "games"."user_id" = $1[0m  [["user_id", 2]]
  [1m[36mCACHE (0.0ms)[0m  [1m[34mSELECT COUNT(*) FROM "games" WHERE "games"."user_id" = $1[0m  [["user_id", 2]]
  Rendered users/show.html.erb within layouts/application (4.7ms)
  [1m[36mCACHE (0.0ms)[0m  [1m[34mSELECT  "users".* FROM "users" WHERE "users"."id" = $1 LIMIT $2[0m  [["id", 2], ["LIMIT", 1]]
  [1m[36mCACHE (0.0ms)[0m  [1m[34mSELECT  "users".* FROM "users" WHERE "users"."id" = $1 LIMIT $2[0m  [["id", 2], ["LIMIT", 1]]
Completed 200 OK in 36ms (Views: 32.6ms | ActiveRecord: 1.5ms)


Started GET "/users/2" for ::1 at 2016-10-31 20:31:41 -0400
Processing by UsersController#show as HTML
  Parameters: {"id"=>"2"}
  [1m[36mUser Load (0.2ms)[0m  [1m[34mSELECT  "users".* FROM "users" WHERE "users"."id" = $1 LIMIT $2[0m  [["id", 2], ["LIMIT", 1]]
  Rendering users/show.html.erb within layouts/application
  [1m[35m (0.3ms)[0m  [1m[34mSELECT COUNT(*) FROM "games" WHERE "games"."user_id" = $1[0m  [["user_id", 2]]
  [1m[36mGame Load (0.2ms)[0m  [1m[34mSELECT "games".* FROM "games" WHERE "games"."user_id" = $1[0m  [["user_id", 2]]
  Rendered users/show.html.erb within layouts/application (36.9ms)
  [1m[36mUser Load (0.2ms)[0m  [1m[34mSELECT  "users".* FROM "users" WHERE "users"."id" = $1 LIMIT $2[0m  [["id", 2], ["LIMIT", 1]]
  [1m[36mUser Load (0.1ms)[0m  [1m[34mSELECT  "users".* FROM "users" WHERE "users"."id" = $1 LIMIT $2[0m  [["id", 2], ["LIMIT", 1]]
Completed 200 OK in 92ms (Views: 74.2ms | ActiveRecord: 4.4ms)


Started GET "/users/2" for ::1 at 2016-10-31 20:34:17 -0400
Processing by UsersController#show as HTML
  Parameters: {"id"=>"2"}
  [1m[36mUser Load (0.4ms)[0m  [1m[34mSELECT  "users".* FROM "users" WHERE "users"."id" = $1 LIMIT $2[0m  [["id", 2], ["LIMIT", 1]]
  Rendering users/show.html.erb within layouts/application
  [1m[35m (0.3ms)[0m  [1m[34mSELECT COUNT(*) FROM "games" WHERE "games"."user_id" = $1[0m  [["user_id", 2]]
  [1m[36mGame Load (0.2ms)[0m  [1m[34mSELECT "games".* FROM "games" WHERE "games"."user_id" = $1[0m  [["user_id", 2]]
  Rendered users/show.html.erb within layouts/application (9.1ms)
Completed 500 Internal Server Error in 14ms (ActiveRecord: 0.9ms)


  
ActionView::Template::Error (undefined method `status' for #<Game:0x007f8803b30910>):
    18:     <tr>
    19:       <td><%=game.id%></td>
    20:       <td><%=game.created_at%></td>
    21:       <td><%=game.status%></td>
    22:     </tr>
    23:     <% end %>
    24:   </table>
  
app/views/users/show.html.erb:21:in `block in _app_views_users_show_html_erb__1181396562018898238_70111120864620'
app/views/users/show.html.erb:17:in `_app_views_users_show_html_erb__1181396562018898238_70111120864620'
  Rendering /Users/wellingtonvicioso/.rvm/gems/ruby-2.3.0/gems/actionpack-5.0.0.1/lib/action_dispatch/middleware/templates/rescues/template_error.html.erb within rescues/layout
  Rendering /Users/wellingtonvicioso/.rvm/gems/ruby-2.3.0/gems/actionpack-5.0.0.1/lib/action_dispatch/middleware/templates/rescues/_source.html.erb
  Rendered /Users/wellingtonvicioso/.rvm/gems/ruby-2.3.0/gems/actionpack-5.0.0.1/lib/action_dispatch/middleware/templates/rescues/_source.html.erb (4.3ms)
  Rendering /Users/wellingtonvicioso/.rvm/gems/ruby-2.3.0/gems/actionpack-5.0.0.1/lib/action_dispatch/middleware/templates/rescues/_trace.html.erb
  Rendered /Users/wellingtonvicioso/.rvm/gems/ruby-2.3.0/gems/actionpack-5.0.0.1/lib/action_dispatch/middleware/templates/rescues/_trace.html.erb (1.9ms)
  Rendering /Users/wellingtonvicioso/.rvm/gems/ruby-2.3.0/gems/actionpack-5.0.0.1/lib/action_dispatch/middleware/templates/rescues/_request_and_response.html.erb
  Rendered /Users/wellingtonvicioso/.rvm/gems/ruby-2.3.0/gems/actionpack-5.0.0.1/lib/action_dispatch/middleware/templates/rescues/_request_and_response.html.erb (1.4ms)
  Rendered /Users/wellingtonvicioso/.rvm/gems/ruby-2.3.0/gems/actionpack-5.0.0.1/lib/action_dispatch/middleware/templates/rescues/template_error.html.erb within rescues/layout (58.8ms)
Started GET "/users/2" for ::1 at 2016-10-31 20:35:10 -0400
Processing by UsersController#show as HTML
  Parameters: {"id"=>"2"}
  [1m[36mUser Load (0.2ms)[0m  [1m[34mSELECT  "users".* FROM "users" WHERE "users"."id" = $1 LIMIT $2[0m  [["id", 2], ["LIMIT", 1]]
  Rendering users/show.html.erb within layouts/application
  [1m[35m (0.3ms)[0m  [1m[34mSELECT COUNT(*) FROM "games" WHERE "games"."user_id" = $1[0m  [["user_id", 2]]
  [1m[36mGame Load (0.2ms)[0m  [1m[34mSELECT "games".* FROM "games" WHERE "games"."user_id" = $1[0m  [["user_id", 2]]
  Rendered users/show.html.erb within layouts/application (3.4ms)
  [1m[36mCACHE (0.0ms)[0m  [1m[34mSELECT  "users".* FROM "users" WHERE "users"."id" = $1 LIMIT $2[0m  [["id", 2], ["LIMIT", 1]]
  [1m[36mCACHE (0.0ms)[0m  [1m[34mSELECT  "users".* FROM "users" WHERE "users"."id" = $1 LIMIT $2[0m  [["id", 2], ["LIMIT", 1]]
Completed 200 OK in 50ms (Views: 47.5ms | ActiveRecord: 0.8ms)


Started GET "/users/2" for ::1 at 2016-10-31 20:35:29 -0400
Processing by UsersController#show as HTML
  Parameters: {"id"=>"2"}
  [1m[36mUser Load (0.3ms)[0m  [1m[34mSELECT  "users".* FROM "users" WHERE "users"."id" = $1 LIMIT $2[0m  [["id", 2], ["LIMIT", 1]]
  Rendering users/show.html.erb within layouts/application
  [1m[35m (0.4ms)[0m  [1m[34mSELECT COUNT(*) FROM "games" WHERE "games"."user_id" = $1[0m  [["user_id", 2]]
  [1m[36mGame Load (0.3ms)[0m  [1m[34mSELECT "games".* FROM "games" WHERE "games"."user_id" = $1[0m  [["user_id", 2]]
  Rendered users/show.html.erb within layouts/application (5.8ms)
  [1m[36mCACHE (0.0ms)[0m  [1m[34mSELECT  "users".* FROM "users" WHERE "users"."id" = $1 LIMIT $2[0m  [["id", 2], ["LIMIT", 1]]
  [1m[36mCACHE (0.0ms)[0m  [1m[34mSELECT  "users".* FROM "users" WHERE "users"."id" = $1 LIMIT $2[0m  [["id", 2], ["LIMIT", 1]]
Completed 200 OK in 37ms (Views: 34.5ms | ActiveRecord: 1.0ms)


Started GET "/users/2" for ::1 at 2016-10-31 20:35:45 -0400
Processing by UsersController#show as HTML
  Parameters: {"id"=>"2"}
  [1m[36mUser Load (0.8ms)[0m  [1m[34mSELECT  "users".* FROM "users" WHERE "users"."id" = $1 LIMIT $2[0m  [["id", 2], ["LIMIT", 1]]
  Rendering users/show.html.erb within layouts/application
  [1m[35m (0.3ms)[0m  [1m[34mSELECT COUNT(*) FROM "games" WHERE "games"."user_id" = $1[0m  [["user_id", 2]]
  [1m[36mGame Load (0.3ms)[0m  [1m[34mSELECT "games".* FROM "games" WHERE "games"."user_id" = $1[0m  [["user_id", 2]]
  Rendered users/show.html.erb within layouts/application (3.9ms)
  [1m[36mCACHE (0.0ms)[0m  [1m[34mSELECT  "users".* FROM "users" WHERE "users"."id" = $1 LIMIT $2[0m  [["id", 2], ["LIMIT", 1]]
  [1m[36mCACHE (0.0ms)[0m  [1m[34mSELECT  "users".* FROM "users" WHERE "users"."id" = $1 LIMIT $2[0m  [["id", 2], ["LIMIT", 1]]
Completed 200 OK in 41ms (Views: 37.8ms | ActiveRecord: 1.4ms)


Started GET "/users/2" for ::1 at 2016-10-31 20:36:20 -0400
Processing by UsersController#show as HTML
  Parameters: {"id"=>"2"}
  [1m[36mUser Load (0.3ms)[0m  [1m[34mSELECT  "users".* FROM "users" WHERE "users"."id" = $1 LIMIT $2[0m  [["id", 2], ["LIMIT", 1]]
  Rendering users/show.html.erb within layouts/application
  [1m[35m (0.3ms)[0m  [1m[34mSELECT COUNT(*) FROM "games" WHERE "games"."user_id" = $1[0m  [["user_id", 2]]
  [1m[36mGame Load (0.2ms)[0m  [1m[34mSELECT "games".* FROM "games" WHERE "games"."user_id" = $1[0m  [["user_id", 2]]
  Rendered users/show.html.erb within layouts/application (4.4ms)
  [1m[36mCACHE (0.0ms)[0m  [1m[34mSELECT  "users".* FROM "users" WHERE "users"."id" = $1 LIMIT $2[0m  [["id", 2], ["LIMIT", 1]]
  [1m[36mCACHE (0.0ms)[0m  [1m[34mSELECT  "users".* FROM "users" WHERE "users"."id" = $1 LIMIT $2[0m  [["id", 2], ["LIMIT", 1]]
Completed 200 OK in 44ms (Views: 40.2ms | ActiveRecord: 0.9ms)


Started GET "/users/2" for ::1 at 2016-10-31 20:36:22 -0400
Processing by UsersController#show as HTML
  Parameters: {"id"=>"2"}
  [1m[36mUser Load (0.4ms)[0m  [1m[34mSELECT  "users".* FROM "users" WHERE "users"."id" = $1 LIMIT $2[0m  [["id", 2], ["LIMIT", 1]]
  Rendering users/show.html.erb within layouts/application
  [1m[35m (0.4ms)[0m  [1m[34mSELECT COUNT(*) FROM "games" WHERE "games"."user_id" = $1[0m  [["user_id", 2]]
  [1m[36mGame Load (0.4ms)[0m  [1m[34mSELECT "games".* FROM "games" WHERE "games"."user_id" = $1[0m  [["user_id", 2]]
  Rendered users/show.html.erb within layouts/application (4.0ms)
  [1m[36mCACHE (0.0ms)[0m  [1m[34mSELECT  "users".* FROM "users" WHERE "users"."id" = $1 LIMIT $2[0m  [["id", 2], ["LIMIT", 1]]
  [1m[36mCACHE (0.0ms)[0m  [1m[34mSELECT  "users".* FROM "users" WHERE "users"."id" = $1 LIMIT $2[0m  [["id", 2], ["LIMIT", 1]]
Completed 200 OK in 38ms (Views: 34.4ms | ActiveRecord: 1.2ms)


Started GET "/users/2" for ::1 at 2016-10-31 20:36:55 -0400
Processing by UsersController#show as HTML
  Parameters: {"id"=>"2"}
  [1m[36mUser Load (0.3ms)[0m  [1m[34mSELECT  "users".* FROM "users" WHERE "users"."id" = $1 LIMIT $2[0m  [["id", 2], ["LIMIT", 1]]
  Rendering users/show.html.erb within layouts/application
  [1m[35m (0.4ms)[0m  [1m[34mSELECT COUNT(*) FROM "games" WHERE "games"."user_id" = $1[0m  [["user_id", 2]]
  [1m[36mGame Load (0.3ms)[0m  [1m[34mSELECT "games".* FROM "games" WHERE "games"."user_id" = $1[0m  [["user_id", 2]]
  Rendered users/show.html.erb within layouts/application (3.6ms)
  [1m[36mCACHE (0.0ms)[0m  [1m[34mSELECT  "users".* FROM "users" WHERE "users"."id" = $1 LIMIT $2[0m  [["id", 2], ["LIMIT", 1]]
  [1m[36mCACHE (0.0ms)[0m  [1m[34mSELECT  "users".* FROM "users" WHERE "users"."id" = $1 LIMIT $2[0m  [["id", 2], ["LIMIT", 1]]
Completed 200 OK in 45ms (Views: 42.8ms | ActiveRecord: 1.0ms)


Started GET "/users/2" for ::1 at 2016-10-31 20:36:58 -0400
Processing by UsersController#show as HTML
  Parameters: {"id"=>"2"}
  [1m[36mUser Load (0.3ms)[0m  [1m[34mSELECT  "users".* FROM "users" WHERE "users"."id" = $1 LIMIT $2[0m  [["id", 2], ["LIMIT", 1]]
  Rendering users/show.html.erb within layouts/application
  [1m[35m (0.4ms)[0m  [1m[34mSELECT COUNT(*) FROM "games" WHERE "games"."user_id" = $1[0m  [["user_id", 2]]
  [1m[36mGame Load (0.2ms)[0m  [1m[34mSELECT "games".* FROM "games" WHERE "games"."user_id" = $1[0m  [["user_id", 2]]
  Rendered users/show.html.erb within layouts/application (4.3ms)
  [1m[36mCACHE (0.0ms)[0m  [1m[34mSELECT  "users".* FROM "users" WHERE "users"."id" = $1 LIMIT $2[0m  [["id", 2], ["LIMIT", 1]]
  [1m[36mCACHE (0.0ms)[0m  [1m[34mSELECT  "users".* FROM "users" WHERE "users"."id" = $1 LIMIT $2[0m  [["id", 2], ["LIMIT", 1]]
Completed 200 OK in 47ms (Views: 43.5ms | ActiveRecord: 1.0ms)


Started GET "/users/2" for ::1 at 2016-10-31 20:37:11 -0400
Processing by UsersController#show as HTML
  Parameters: {"id"=>"2"}
  [1m[36mUser Load (0.8ms)[0m  [1m[34mSELECT  "users".* FROM "users" WHERE "users"."id" = $1 LIMIT $2[0m  [["id", 2], ["LIMIT", 1]]
  Rendering users/show.html.erb within layouts/application
  [1m[35m (0.3ms)[0m  [1m[34mSELECT COUNT(*) FROM "games" WHERE "games"."user_id" = $1[0m  [["user_id", 2]]
  [1m[36mGame Load (0.3ms)[0m  [1m[34mSELECT "games".* FROM "games" WHERE "games"."user_id" = $1[0m  [["user_id", 2]]
  Rendered users/show.html.erb within layouts/application (3.4ms)
  [1m[36mCACHE (0.0ms)[0m  [1m[34mSELECT  "users".* FROM "users" WHERE "users"."id" = $1 LIMIT $2[0m  [["id", 2], ["LIMIT", 1]]
  [1m[36mCACHE (0.0ms)[0m  [1m[34mSELECT  "users".* FROM "users" WHERE "users"."id" = $1 LIMIT $2[0m  [["id", 2], ["LIMIT", 1]]
Completed 200 OK in 37ms (Views: 32.4ms | ActiveRecord: 1.4ms)


Started GET "/users/2" for ::1 at 2016-10-31 20:37:13 -0400
Processing by UsersController#show as HTML
  Parameters: {"id"=>"2"}
  [1m[36mUser Load (0.3ms)[0m  [1m[34mSELECT  "users".* FROM "users" WHERE "users"."id" = $1 LIMIT $2[0m  [["id", 2], ["LIMIT", 1]]
  Rendering users/show.html.erb within layouts/application
  [1m[35m (0.4ms)[0m  [1m[34mSELECT COUNT(*) FROM "games" WHERE "games"."user_id" = $1[0m  [["user_id", 2]]
  [1m[36mGame Load (0.8ms)[0m  [1m[34mSELECT "games".* FROM "games" WHERE "games"."user_id" = $1[0m  [["user_id", 2]]
  Rendered users/show.html.erb within layouts/application (8.5ms)
  [1m[36mCACHE (0.0ms)[0m  [1m[34mSELECT  "users".* FROM "users" WHERE "users"."id" = $1 LIMIT $2[0m  [["id", 2], ["LIMIT", 1]]
  [1m[36mCACHE (0.0ms)[0m  [1m[34mSELECT  "users".* FROM "users" WHERE "users"."id" = $1 LIMIT $2[0m  [["id", 2], ["LIMIT", 1]]
Completed 200 OK in 43ms (Views: 40.3ms | ActiveRecord: 1.5ms)


Started GET "/" for ::1 at 2016-11-01 10:42:33 -0400
  [1m[36mActiveRecord::SchemaMigration Load (0.5ms)[0m  [1m[34mSELECT "schema_migrations".* FROM "schema_migrations"[0m
Processing by GamesController#index as HTML
  Rendering games/index.html.erb within layouts/application
  Rendered games/index.html.erb within layouts/application (1.8ms)
Started GET "/" for ::1 at 2016-11-01 10:42:34 -0400
Processing by GamesController#index as HTML
  Rendering games/index.html.erb within layouts/application
  Rendered games/index.html.erb within layouts/application (0.4ms)
  [1m[36mUser Load (0.5ms)[0m  [1m[34mSELECT  "users".* FROM "users" WHERE "users"."id" = $1 LIMIT $2[0m  [["id", 8], ["LIMIT", 1]]
  [1m[36mUser Load (0.9ms)[0m  [1m[34mSELECT  "users".* FROM "users" WHERE "users"."id" = $1 LIMIT $2[0m  [["id", 8], ["LIMIT", 1]]
Completed 200 OK in 5713ms (Views: 5704.0ms | ActiveRecord: 6.1ms)


Completed 200 OK in 5148ms (Views: 5118.8ms | ActiveRecord: 15.9ms)


Started GET "/users/8" for ::1 at 2016-11-01 10:42:44 -0400
DEPRECATION WARNING: skip_before_filter is deprecated and will be removed in Rails 5.1. Use skip_before_action instead. (called from <class:UsersController> at /Users/apprentice/Desktop/tic-tac-toe/tic_or_treat/app/controllers/users_controller.rb:3)
Processing by UsersController#show as HTML
  Parameters: {"id"=>"8"}
  [1m[36mUser Load (0.4ms)[0m  [1m[34mSELECT  "users".* FROM "users" WHERE "users"."id" = $1 LIMIT $2[0m  [["id", 8], ["LIMIT", 1]]
  Rendering users/show.html.erb within layouts/application
  [1m[35m (16.7ms)[0m  [1m[34mSELECT COUNT(*) FROM "games" WHERE "games"."user_id" = $1[0m  [["user_id", 8]]
  [1m[36mGame Load (0.3ms)[0m  [1m[34mSELECT "games".* FROM "games" WHERE "games"."user_id" = $1[0m  [["user_id", 8]]
  Rendered users/show.html.erb within layouts/application (114.9ms)
  [1m[36mUser Load (0.5ms)[0m  [1m[34mSELECT  "users".* FROM "users" WHERE "users"."id" = $1 LIMIT $2[0m  [["id", 8], ["LIMIT", 1]]
Completed 200 OK in 214ms (Views: 189.1ms | ActiveRecord: 20.2ms)


Started GET "/users/8" for ::1 at 2016-11-01 10:42:46 -0400
Processing by UsersController#show as HTML
  Parameters: {"id"=>"8"}
  [1m[36mUser Load (0.3ms)[0m  [1m[34mSELECT  "users".* FROM "users" WHERE "users"."id" = $1 LIMIT $2[0m  [["id", 8], ["LIMIT", 1]]
  Rendering users/show.html.erb within layouts/application
  [1m[35m (0.4ms)[0m  [1m[34mSELECT COUNT(*) FROM "games" WHERE "games"."user_id" = $1[0m  [["user_id", 8]]
  [1m[36mGame Load (0.2ms)[0m  [1m[34mSELECT "games".* FROM "games" WHERE "games"."user_id" = $1[0m  [["user_id", 8]]
  Rendered users/show.html.erb within layouts/application (3.3ms)
  [1m[36mUser Load (0.4ms)[0m  [1m[34mSELECT  "users".* FROM "users" WHERE "users"."id" = $1 LIMIT $2[0m  [["id", 8], ["LIMIT", 1]]
Completed 200 OK in 45ms (Views: 39.9ms | ActiveRecord: 1.3ms)


Started GET "/users/8" for ::1 at 2016-11-01 10:43:39 -0400
Processing by UsersController#show as HTML
  Parameters: {"id"=>"8"}
  [1m[36mUser Load (0.4ms)[0m  [1m[34mSELECT  "users".* FROM "users" WHERE "users"."id" = $1 LIMIT $2[0m  [["id", 8], ["LIMIT", 1]]
  Rendering users/show.html.erb within layouts/application
  [1m[35m (0.7ms)[0m  [1m[34mSELECT COUNT(*) FROM "games" WHERE "games"."user_id" = $1[0m  [["user_id", 8]]
  [1m[36mGame Load (0.3ms)[0m  [1m[34mSELECT "games".* FROM "games" WHERE "games"."user_id" = $1[0m  [["user_id", 8]]
  Rendered users/show.html.erb within layouts/application (4.3ms)
  [1m[36mUser Load (0.4ms)[0m  [1m[34mSELECT  "users".* FROM "users" WHERE "users"."id" = $1 LIMIT $2[0m  [["id", 8], ["LIMIT", 1]]
Completed 200 OK in 52ms (Views: 47.6ms | ActiveRecord: 1.8ms)


Started GET "/users/3" for ::1 at 2016-11-01 10:43:44 -0400
Processing by UsersController#show as HTML
  Parameters: {"id"=>"3"}
  [1m[36mUser Load (0.4ms)[0m  [1m[34mSELECT  "users".* FROM "users" WHERE "users"."id" = $1 LIMIT $2[0m  [["id", 3], ["LIMIT", 1]]
  Rendering users/show.html.erb within layouts/application
  [1m[35m (0.4ms)[0m  [1m[34mSELECT COUNT(*) FROM "games" WHERE "games"."user_id" = $1[0m  [["user_id", 3]]
  [1m[36mGame Load (0.4ms)[0m  [1m[34mSELECT "games".* FROM "games" WHERE "games"."user_id" = $1[0m  [["user_id", 3]]
  Rendered users/show.html.erb within layouts/application (44.4ms)
  [1m[36mUser Load (0.4ms)[0m  [1m[34mSELECT  "users".* FROM "users" WHERE "users"."id" = $1 LIMIT $2[0m  [["id", 8], ["LIMIT", 1]]
Completed 200 OK in 90ms (Views: 84.4ms | ActiveRecord: 2.6ms)


Started GET "/users/3" for ::1 at 2016-11-01 10:44:54 -0400
Processing by UsersController#show as HTML
  Parameters: {"id"=>"3"}
  [1m[36mUser Load (0.3ms)[0m  [1m[34mSELECT  "users".* FROM "users" WHERE "users"."id" = $1 LIMIT $2[0m  [["id", 3], ["LIMIT", 1]]
  Rendering users/show.html.erb within layouts/application
  [1m[35m (0.4ms)[0m  [1m[34mSELECT COUNT(*) FROM "games" WHERE "games"."user_id" = $1[0m  [["user_id", 3]]
  [1m[36mGame Load (0.3ms)[0m  [1m[34mSELECT "games".* FROM "games" WHERE "games"."user_id" = $1[0m  [["user_id", 3]]
  Rendered users/show.html.erb within layouts/application (4.7ms)
  [1m[36mUser Load (0.4ms)[0m  [1m[34mSELECT  "users".* FROM "users" WHERE "users"."id" = $1 LIMIT $2[0m  [["id", 8], ["LIMIT", 1]]
Completed 200 OK in 49ms (Views: 45.0ms | ActiveRecord: 1.4ms)


Started GET "/users/3" for ::1 at 2016-11-01 10:45:51 -0400
Processing by UsersController#show as HTML
  Parameters: {"id"=>"3"}
  [1m[36mUser Load (0.4ms)[0m  [1m[34mSELECT  "users".* FROM "users" WHERE "users"."id" = $1 LIMIT $2[0m  [["id", 3], ["LIMIT", 1]]
  Rendering users/show.html.erb within layouts/application
  [1m[35m (0.4ms)[0m  [1m[34mSELECT COUNT(*) FROM "games" WHERE "games"."user_id" = $1[0m  [["user_id", 3]]
  [1m[36mGame Load (0.3ms)[0m  [1m[34mSELECT "games".* FROM "games" WHERE "games"."user_id" = $1[0m  [["user_id", 3]]
  Rendered users/show.html.erb within layouts/application (4.5ms)
  [1m[36mUser Load (0.4ms)[0m  [1m[34mSELECT  "users".* FROM "users" WHERE "users"."id" = $1 LIMIT $2[0m  [["id", 8], ["LIMIT", 1]]
Completed 200 OK in 53ms (Views: 49.1ms | ActiveRecord: 1.5ms)


Started GET "/users/3" for ::1 at 2016-11-01 10:46:33 -0400
Processing by UsersController#show as HTML
  Parameters: {"id"=>"3"}
  [1m[36mUser Load (0.3ms)[0m  [1m[34mSELECT  "users".* FROM "users" WHERE "users"."id" = $1 LIMIT $2[0m  [["id", 3], ["LIMIT", 1]]
  Rendering users/show.html.erb within layouts/application
  [1m[35m (0.4ms)[0m  [1m[34mSELECT COUNT(*) FROM "games" WHERE "games"."user_id" = $1[0m  [["user_id", 3]]
  [1m[36mGame Load (0.3ms)[0m  [1m[34mSELECT "games".* FROM "games" WHERE "games"."user_id" = $1[0m  [["user_id", 3]]
  Rendered users/show.html.erb within layouts/application (4.2ms)
  [1m[36mUser Load (0.4ms)[0m  [1m[34mSELECT  "users".* FROM "users" WHERE "users"."id" = $1 LIMIT $2[0m  [["id", 8], ["LIMIT", 1]]
Completed 200 OK in 50ms (Views: 46.4ms | ActiveRecord: 1.4ms)


Started GET "/users/3" for ::1 at 2016-11-01 10:54:03 -0400
DEPRECATION WARNING: skip_before_filter is deprecated and will be removed in Rails 5.1. Use skip_before_action instead. (called from <class:UsersController> at /Users/apprentice/Desktop/tic-tac-toe/tic_or_treat/app/controllers/users_controller.rb:3)
Processing by UsersController#show as HTML
  Parameters: {"id"=>"3"}
  [1m[36mUser Load (0.2ms)[0m  [1m[34mSELECT  "users".* FROM "users" WHERE "users"."id" = $1 LIMIT $2[0m  [["id", 3], ["LIMIT", 1]]
  Rendering users/show.html.erb within layouts/application
  Rendered users/show.html.erb within layouts/application (2.5ms)
Completed 500 Internal Server Error in 23ms (ActiveRecord: 2.9ms)


  
SyntaxError (/Users/apprentice/Desktop/tic-tac-toe/tic_or_treat/app/models/game.rb:15: syntax error, unexpected end-of-input, expecting keyword_end):
  
app/models/game.rb:15: syntax error, unexpected end-of-input, expecting keyword_end
app/views/users/show.html.erb:4:in `_app_views_users_show_html_erb__1438203416498472418_70237942316400'
  Rendering /Users/apprentice/.rbenv/versions/2.3.1/lib/ruby/gems/2.3.0/gems/actionpack-5.0.0.1/lib/action_dispatch/middleware/templates/rescues/diagnostics.html.erb within rescues/layout
  Rendering /Users/apprentice/.rbenv/versions/2.3.1/lib/ruby/gems/2.3.0/gems/actionpack-5.0.0.1/lib/action_dispatch/middleware/templates/rescues/_source.html.erb
  Rendered /Users/apprentice/.rbenv/versions/2.3.1/lib/ruby/gems/2.3.0/gems/actionpack-5.0.0.1/lib/action_dispatch/middleware/templates/rescues/_source.html.erb (7.5ms)
  Rendering /Users/apprentice/.rbenv/versions/2.3.1/lib/ruby/gems/2.3.0/gems/actionpack-5.0.0.1/lib/action_dispatch/middleware/templates/rescues/_trace.html.erb
  Rendered /Users/apprentice/.rbenv/versions/2.3.1/lib/ruby/gems/2.3.0/gems/actionpack-5.0.0.1/lib/action_dispatch/middleware/templates/rescues/_trace.html.erb (2.7ms)
  Rendering /Users/apprentice/.rbenv/versions/2.3.1/lib/ruby/gems/2.3.0/gems/actionpack-5.0.0.1/lib/action_dispatch/middleware/templates/rescues/_request_and_response.html.erb
  Rendered /Users/apprentice/.rbenv/versions/2.3.1/lib/ruby/gems/2.3.0/gems/actionpack-5.0.0.1/lib/action_dispatch/middleware/templates/rescues/_request_and_response.html.erb (1.9ms)
  Rendered /Users/apprentice/.rbenv/versions/2.3.1/lib/ruby/gems/2.3.0/gems/actionpack-5.0.0.1/lib/action_dispatch/middleware/templates/rescues/diagnostics.html.erb within rescues/layout (100.5ms)
Started GET "/users/3" for ::1 at 2016-11-01 10:56:48 -0400
DEPRECATION WARNING: skip_before_filter is deprecated and will be removed in Rails 5.1. Use skip_before_action instead. (called from <class:UsersController> at /Users/apprentice/Desktop/tic-tac-toe/tic_or_treat/app/controllers/users_controller.rb:3)
Processing by UsersController#show as HTML
  Parameters: {"id"=>"3"}
  [1m[36mUser Load (0.3ms)[0m  [1m[34mSELECT  "users".* FROM "users" WHERE "users"."id" = $1 LIMIT $2[0m  [["id", 3], ["LIMIT", 1]]
  Rendering users/show.html.erb within layouts/application
  [1m[35m (0.4ms)[0m  [1m[34mSELECT COUNT(*) FROM "games" WHERE "games"."user_id" = $1[0m  [["user_id", 3]]
  [1m[36mGame Load (0.3ms)[0m  [1m[34mSELECT "games".* FROM "games" WHERE "games"."user_id" = $1[0m  [["user_id", 3]]
  Rendered users/show.html.erb within layouts/application (20.9ms)
  [1m[36mUser Load (0.4ms)[0m  [1m[34mSELECT  "users".* FROM "users" WHERE "users"."id" = $1 LIMIT $2[0m  [["id", 8], ["LIMIT", 1]]
Completed 200 OK in 85ms (Views: 67.9ms | ActiveRecord: 4.1ms)


Started GET "/users/3" for ::1 at 2016-11-01 10:57:25 -0400
Processing by UsersController#show as HTML
  Parameters: {"id"=>"3"}
  [1m[36mUser Load (0.4ms)[0m  [1m[34mSELECT  "users".* FROM "users" WHERE "users"."id" = $1 LIMIT $2[0m  [["id", 3], ["LIMIT", 1]]
  Rendering users/show.html.erb within layouts/application
  [1m[35m (0.4ms)[0m  [1m[34mSELECT COUNT(*) FROM "games" WHERE "games"."user_id" = $1[0m  [["user_id", 3]]
  [1m[36mGame Load (0.3ms)[0m  [1m[34mSELECT "games".* FROM "games" WHERE "games"."user_id" = $1[0m  [["user_id", 3]]
  Rendered users/show.html.erb within layouts/application (4.4ms)
  [1m[36mUser Load (0.4ms)[0m  [1m[34mSELECT  "users".* FROM "users" WHERE "users"."id" = $1 LIMIT $2[0m  [["id", 8], ["LIMIT", 1]]
Completed 200 OK in 58ms (Views: 52.6ms | ActiveRecord: 1.4ms)


Started GET "/users/3" for ::1 at 2016-11-01 11:02:49 -0400
Processing by UsersController#show as HTML
  Parameters: {"id"=>"3"}
  [1m[36mUser Load (0.2ms)[0m  [1m[34mSELECT  "users".* FROM "users" WHERE "users"."id" = $1 LIMIT $2[0m  [["id", 3], ["LIMIT", 1]]
  Rendering users/show.html.erb within layouts/application
  [1m[35m (0.4ms)[0m  [1m[34mSELECT COUNT(*) FROM "games" WHERE "games"."user_id" = $1[0m  [["user_id", 3]]
  [1m[36mGame Load (0.4ms)[0m  [1m[34mSELECT "games".* FROM "games" WHERE "games"."user_id" = $1[0m  [["user_id", 3]]
  [1m[36mCACHE (0.0ms)[0m  [1m[34mSELECT COUNT(*) FROM "games" WHERE "games"."user_id" = $1[0m  [["user_id", 3]]
  Rendered users/show.html.erb within layouts/application (7.4ms)
  [1m[36mUser Load (0.5ms)[0m  [1m[34mSELECT  "users".* FROM "users" WHERE "users"."id" = $1 LIMIT $2[0m  [["id", 8], ["LIMIT", 1]]
Completed 200 OK in 60ms (Views: 56.1ms | ActiveRecord: 1.6ms)


Started GET "/users/3" for ::1 at 2016-11-01 11:02:58 -0400
Processing by UsersController#show as HTML
  Parameters: {"id"=>"3"}
  [1m[36mUser Load (0.6ms)[0m  [1m[34mSELECT  "users".* FROM "users" WHERE "users"."id" = $1 LIMIT $2[0m  [["id", 3], ["LIMIT", 1]]
  Rendering users/show.html.erb within layouts/application
  [1m[35m (0.5ms)[0m  [1m[34mSELECT COUNT(*) FROM "games" WHERE "games"."user_id" = $1[0m  [["user_id", 3]]
  [1m[36mGame Load (0.4ms)[0m  [1m[34mSELECT "games".* FROM "games" WHERE "games"."user_id" = $1[0m  [["user_id", 3]]
  Rendered users/show.html.erb within layouts/application (7.2ms)
  [1m[36mUser Load (0.5ms)[0m  [1m[34mSELECT  "users".* FROM "users" WHERE "users"."id" = $1 LIMIT $2[0m  [["id", 8], ["LIMIT", 1]]
Completed 200 OK in 77ms (Views: 70.8ms | ActiveRecord: 2.0ms)


Started GET "/users/3" for ::1 at 2016-11-01 11:03:18 -0400
Processing by UsersController#show as HTML
  Parameters: {"id"=>"3"}
  [1m[36mUser Load (0.6ms)[0m  [1m[34mSELECT  "users".* FROM "users" WHERE "users"."id" = $1 LIMIT $2[0m  [["id", 3], ["LIMIT", 1]]
  Rendering users/show.html.erb within layouts/application
  [1m[35m (0.4ms)[0m  [1m[34mSELECT COUNT(*) FROM "games" WHERE "games"."user_id" = $1[0m  [["user_id", 3]]
  [1m[36mGame Load (0.3ms)[0m  [1m[34mSELECT "games".* FROM "games" WHERE "games"."user_id" = $1[0m  [["user_id", 3]]
  Rendered users/show.html.erb within layouts/application (4.8ms)
  [1m[36mUser Load (0.4ms)[0m  [1m[34mSELECT  "users".* FROM "users" WHERE "users"."id" = $1 LIMIT $2[0m  [["id", 8], ["LIMIT", 1]]
Completed 200 OK in 61ms (Views: 55.8ms | ActiveRecord: 1.7ms)


Started GET "/users/3" for ::1 at 2016-11-01 11:03:40 -0400
Processing by UsersController#show as HTML
  Parameters: {"id"=>"3"}
  [1m[36mUser Load (0.7ms)[0m  [1m[34mSELECT  "users".* FROM "users" WHERE "users"."id" = $1 LIMIT $2[0m  [["id", 3], ["LIMIT", 1]]
  Rendering users/show.html.erb within layouts/application
  [1m[35m (0.4ms)[0m  [1m[34mSELECT COUNT(*) FROM "games" WHERE "games"."user_id" = $1[0m  [["user_id", 3]]
  [1m[36mGame Load (0.5ms)[0m  [1m[34mSELECT "games".* FROM "games" WHERE "games"."user_id" = $1[0m  [["user_id", 3]]
  Rendered users/show.html.erb within layouts/application (10.7ms)
  [1m[36mUser Load (0.4ms)[0m  [1m[34mSELECT  "users".* FROM "users" WHERE "users"."id" = $1 LIMIT $2[0m  [["id", 8], ["LIMIT", 1]]
Completed 200 OK in 81ms (Views: 75.3ms | ActiveRecord: 2.0ms)


Started GET "/users/3" for ::1 at 2016-11-01 11:11:28 -0400
DEPRECATION WARNING: skip_before_filter is deprecated and will be removed in Rails 5.1. Use skip_before_action instead. (called from <class:UsersController> at /Users/apprentice/Desktop/tic-tac-toe/tic_or_treat/app/controllers/users_controller.rb:3)
Processing by UsersController#show as HTML
  Parameters: {"id"=>"3"}
  [1m[36mUser Load (0.2ms)[0m  [1m[34mSELECT  "users".* FROM "users" WHERE "users"."id" = $1 LIMIT $2[0m  [["id", 3], ["LIMIT", 1]]
  Rendering users/show.html.erb within layouts/application
  [1m[35m (0.3ms)[0m  [1m[34mSELECT COUNT(*) FROM "games" WHERE "games"."user_id" = $1[0m  [["user_id", 3]]
  [1m[36mGame Load (0.3ms)[0m  [1m[34mSELECT "games".* FROM "games" WHERE "games"."user_id" = $1[0m  [["user_id", 3]]
  Rendered users/show.html.erb within layouts/application (18.2ms)
  [1m[36mUser Load (0.2ms)[0m  [1m[34mSELECT  "users".* FROM "users" WHERE "users"."id" = $1 LIMIT $2[0m  [["id", 8], ["LIMIT", 1]]
Completed 200 OK in 74ms (Views: 56.4ms | ActiveRecord: 6.1ms)


Started GET "/users/3" for ::1 at 2016-11-01 11:13:49 -0400
DEPRECATION WARNING: skip_before_filter is deprecated and will be removed in Rails 5.1. Use skip_before_action instead. (called from <class:UsersController> at /Users/apprentice/Desktop/tic-tac-toe/tic_or_treat/app/controllers/users_controller.rb:3)
Processing by UsersController#show as HTML
  Parameters: {"id"=>"3"}
  [1m[36mUser Load (0.3ms)[0m  [1m[34mSELECT  "users".* FROM "users" WHERE "users"."id" = $1 LIMIT $2[0m  [["id", 3], ["LIMIT", 1]]
  Rendering users/show.html.erb within layouts/application
  [1m[35m (0.4ms)[0m  [1m[34mSELECT COUNT(*) FROM "games" WHERE "games"."user_id" = $1[0m  [["user_id", 3]]
  [1m[36mGame Load (0.2ms)[0m  [1m[34mSELECT "games".* FROM "games" WHERE "games"."user_id" = $1[0m  [["user_id", 3]]
  Rendered users/show.html.erb within layouts/application (13.5ms)
  [1m[36mUser Load (0.4ms)[0m  [1m[34mSELECT  "users".* FROM "users" WHERE "users"."id" = $1 LIMIT $2[0m  [["id", 8], ["LIMIT", 1]]
Completed 200 OK in 69ms (Views: 54.8ms | ActiveRecord: 1.4ms)


Started GET "/users/3" for ::1 at 2016-11-01 11:20:17 -0400
Processing by UsersController#show as HTML
  Parameters: {"id"=>"3"}
  [1m[36mUser Load (0.4ms)[0m  [1m[34mSELECT  "users".* FROM "users" WHERE "users"."id" = $1 LIMIT $2[0m  [["id", 3], ["LIMIT", 1]]
  Rendering users/show.html.erb within layouts/application
  [1m[35m (0.4ms)[0m  [1m[34mSELECT COUNT(*) FROM "games" WHERE "games"."user_id" = $1[0m  [["user_id", 3]]
  [1m[36mGame Load (0.4ms)[0m  [1m[34mSELECT "games".* FROM "games" WHERE "games"."user_id" = $1[0m  [["user_id", 3]]
  Rendered users/show.html.erb within layouts/application (5.4ms)
  [1m[36mUser Load (0.5ms)[0m  [1m[34mSELECT  "users".* FROM "users" WHERE "users"."id" = $1 LIMIT $2[0m  [["id", 8], ["LIMIT", 1]]
Completed 200 OK in 52ms (Views: 47.5ms | ActiveRecord: 1.6ms)


Started GET "/users/3" for ::1 at 2016-11-01 11:20:44 -0400
Processing by UsersController#show as HTML
  Parameters: {"id"=>"3"}
  [1m[36mUser Load (1.1ms)[0m  [1m[34mSELECT  "users".* FROM "users" WHERE "users"."id" = $1 LIMIT $2[0m  [["id", 3], ["LIMIT", 1]]
  Rendering users/show.html.erb within layouts/application
  [1m[35m (0.4ms)[0m  [1m[34mSELECT COUNT(*) FROM "games" WHERE "games"."user_id" = $1[0m  [["user_id", 3]]
  [1m[36mGame Load (0.3ms)[0m  [1m[34mSELECT "games".* FROM "games" WHERE "games"."user_id" = $1[0m  [["user_id", 3]]
  Rendered users/show.html.erb within layouts/application (4.9ms)
  [1m[36mUser Load (0.4ms)[0m  [1m[34mSELECT  "users".* FROM "users" WHERE "users"."id" = $1 LIMIT $2[0m  [["id", 8], ["LIMIT", 1]]
Completed 200 OK in 61ms (Views: 52.3ms | ActiveRecord: 2.1ms)


Started GET "/users/3" for ::1 at 2016-11-01 11:22:22 -0400
Processing by UsersController#show as HTML
  Parameters: {"id"=>"3"}
  [1m[36mUser Load (0.4ms)[0m  [1m[34mSELECT  "users".* FROM "users" WHERE "users"."id" = $1 LIMIT $2[0m  [["id", 3], ["LIMIT", 1]]
  Rendering users/show.html.erb within layouts/application
  [1m[35m (0.4ms)[0m  [1m[34mSELECT COUNT(*) FROM "games" WHERE "games"."user_id" = $1[0m  [["user_id", 3]]
  [1m[36mGame Load (0.3ms)[0m  [1m[34mSELECT "games".* FROM "games" WHERE "games"."user_id" = $1[0m  [["user_id", 3]]
  Rendered users/show.html.erb within layouts/application (4.5ms)
  [1m[36mUser Load (0.4ms)[0m  [1m[34mSELECT  "users".* FROM "users" WHERE "users"."id" = $1 LIMIT $2[0m  [["id", 8], ["LIMIT", 1]]
Completed 200 OK in 55ms (Views: 50.7ms | ActiveRecord: 1.5ms)


Started GET "/users/3" for ::1 at 2016-11-01 11:23:21 -0400
Processing by UsersController#show as HTML
  Parameters: {"id"=>"3"}
  [1m[36mUser Load (0.4ms)[0m  [1m[34mSELECT  "users".* FROM "users" WHERE "users"."id" = $1 LIMIT $2[0m  [["id", 3], ["LIMIT", 1]]
  Rendering users/show.html.erb within layouts/application
  [1m[35m (0.4ms)[0m  [1m[34mSELECT COUNT(*) FROM "games" WHERE "games"."user_id" = $1[0m  [["user_id", 3]]
  [1m[36mGame Load (0.3ms)[0m  [1m[34mSELECT "games".* FROM "games" WHERE "games"."user_id" = $1[0m  [["user_id", 3]]
  Rendered users/show.html.erb within layouts/application (4.3ms)
  [1m[36mUser Load (0.4ms)[0m  [1m[34mSELECT  "users".* FROM "users" WHERE "users"."id" = $1 LIMIT $2[0m  [["id", 8], ["LIMIT", 1]]
Completed 200 OK in 48ms (Views: 43.8ms | ActiveRecord: 1.4ms)


Started GET "/users/3" for ::1 at 2016-11-01 11:23:44 -0400
Processing by UsersController#show as HTML
  Parameters: {"id"=>"3"}
  [1m[36mUser Load (0.4ms)[0m  [1m[34mSELECT  "users".* FROM "users" WHERE "users"."id" = $1 LIMIT $2[0m  [["id", 3], ["LIMIT", 1]]
  Rendering users/show.html.erb within layouts/application
  [1m[35m (0.4ms)[0m  [1m[34mSELECT COUNT(*) FROM "games" WHERE "games"."user_id" = $1[0m  [["user_id", 3]]
  [1m[36mGame Load (0.3ms)[0m  [1m[34mSELECT "games".* FROM "games" WHERE "games"."user_id" = $1[0m  [["user_id", 3]]
  Rendered users/show.html.erb within layouts/application (6.2ms)
  [1m[36mUser Load (0.6ms)[0m  [1m[34mSELECT  "users".* FROM "users" WHERE "users"."id" = $1 LIMIT $2[0m  [["id", 8], ["LIMIT", 1]]
Completed 200 OK in 54ms (Views: 49.7ms | ActiveRecord: 1.7ms)


Started GET "/users/3" for ::1 at 2016-11-01 11:23:46 -0400
Processing by UsersController#show as HTML
  Parameters: {"id"=>"3"}
  [1m[36mUser Load (0.3ms)[0m  [1m[34mSELECT  "users".* FROM "users" WHERE "users"."id" = $1 LIMIT $2[0m  [["id", 3], ["LIMIT", 1]]
  Rendering users/show.html.erb within layouts/application
  [1m[35m (0.4ms)[0m  [1m[34mSELECT COUNT(*) FROM "games" WHERE "games"."user_id" = $1[0m  [["user_id", 3]]
  [1m[36mGame Load (0.3ms)[0m  [1m[34mSELECT "games".* FROM "games" WHERE "games"."user_id" = $1[0m  [["user_id", 3]]
  Rendered users/show.html.erb within layouts/application (4.5ms)
  [1m[36mUser Load (0.4ms)[0m  [1m[34mSELECT  "users".* FROM "users" WHERE "users"."id" = $1 LIMIT $2[0m  [["id", 8], ["LIMIT", 1]]
Completed 200 OK in 51ms (Views: 47.6ms | ActiveRecord: 1.4ms)


Started GET "/users/3" for ::1 at 2016-11-01 11:24:08 -0400
Processing by UsersController#show as HTML
  Parameters: {"id"=>"3"}
  [1m[36mUser Load (0.5ms)[0m  [1m[34mSELECT  "users".* FROM "users" WHERE "users"."id" = $1 LIMIT $2[0m  [["id", 3], ["LIMIT", 1]]
  Rendering users/show.html.erb within layouts/application
  [1m[35m (0.4ms)[0m  [1m[34mSELECT COUNT(*) FROM "games" WHERE "games"."user_id" = $1[0m  [["user_id", 3]]
  [1m[36mGame Load (0.3ms)[0m  [1m[34mSELECT "games".* FROM "games" WHERE "games"."user_id" = $1[0m  [["user_id", 3]]
  Rendered users/show.html.erb within layouts/application (5.1ms)
  [1m[36mUser Load (0.4ms)[0m  [1m[34mSELECT  "users".* FROM "users" WHERE "users"."id" = $1 LIMIT $2[0m  [["id", 8], ["LIMIT", 1]]
Completed 200 OK in 53ms (Views: 48.2ms | ActiveRecord: 1.6ms)


Started GET "/users/3" for ::1 at 2016-11-01 11:24:57 -0400
Processing by UsersController#show as HTML
  Parameters: {"id"=>"3"}
  [1m[36mUser Load (0.4ms)[0m  [1m[34mSELECT  "users".* FROM "users" WHERE "users"."id" = $1 LIMIT $2[0m  [["id", 3], ["LIMIT", 1]]
  Rendering users/show.html.erb within layouts/application
  [1m[35m (0.4ms)[0m  [1m[34mSELECT COUNT(*) FROM "games" WHERE "games"."user_id" = $1[0m  [["user_id", 3]]
  [1m[36mGame Load (0.3ms)[0m  [1m[34mSELECT "games".* FROM "games" WHERE "games"."user_id" = $1[0m  [["user_id", 3]]
  Rendered users/show.html.erb within layouts/application (4.8ms)
  [1m[36mUser Load (0.4ms)[0m  [1m[34mSELECT  "users".* FROM "users" WHERE "users"."id" = $1 LIMIT $2[0m  [["id", 8], ["LIMIT", 1]]
Completed 200 OK in 57ms (Views: 53.1ms | ActiveRecord: 1.5ms)


Started GET "/users/3" for ::1 at 2016-11-01 11:25:22 -0400
Processing by UsersController#show as HTML
  Parameters: {"id"=>"3"}
  [1m[36mUser Load (0.5ms)[0m  [1m[34mSELECT  "users".* FROM "users" WHERE "users"."id" = $1 LIMIT $2[0m  [["id", 3], ["LIMIT", 1]]
  Rendering users/show.html.erb within layouts/application
  [1m[35m (0.7ms)[0m  [1m[34mSELECT COUNT(*) FROM "games" WHERE "games"."user_id" = $1[0m  [["user_id", 3]]
  [1m[36mGame Load (0.4ms)[0m  [1m[34mSELECT "games".* FROM "games" WHERE "games"."user_id" = $1[0m  [["user_id", 3]]
  Rendered users/show.html.erb within layouts/application (8.2ms)
  [1m[36mUser Load (0.5ms)[0m  [1m[34mSELECT  "users".* FROM "users" WHERE "users"."id" = $1 LIMIT $2[0m  [["id", 8], ["LIMIT", 1]]
Completed 200 OK in 68ms (Views: 61.9ms | ActiveRecord: 2.0ms)


Started GET "/users/3" for ::1 at 2016-11-01 11:25:59 -0400
Processing by UsersController#show as HTML
  Parameters: {"id"=>"3"}
  [1m[36mUser Load (0.4ms)[0m  [1m[34mSELECT  "users".* FROM "users" WHERE "users"."id" = $1 LIMIT $2[0m  [["id", 3], ["LIMIT", 1]]
  Rendering users/show.html.erb within layouts/application
  [1m[35m (0.6ms)[0m  [1m[34mSELECT COUNT(*) FROM "games" WHERE "games"."user_id" = $1[0m  [["user_id", 3]]
  [1m[36mGame Load (0.3ms)[0m  [1m[34mSELECT "games".* FROM "games" WHERE "games"."user_id" = $1[0m  [["user_id", 3]]
  Rendered users/show.html.erb within layouts/application (5.3ms)
  [1m[36mUser Load (0.4ms)[0m  [1m[34mSELECT  "users".* FROM "users" WHERE "users"."id" = $1 LIMIT $2[0m  [["id", 8], ["LIMIT", 1]]
Completed 200 OK in 50ms (Views: 45.1ms | ActiveRecord: 1.6ms)


Started GET "/users/3" for ::1 at 2016-11-01 11:26:20 -0400
Processing by UsersController#show as HTML
  Parameters: {"id"=>"3"}
  [1m[36mUser Load (0.6ms)[0m  [1m[34mSELECT  "users".* FROM "users" WHERE "users"."id" = $1 LIMIT $2[0m  [["id", 3], ["LIMIT", 1]]
  Rendering users/show.html.erb within layouts/application
  [1m[35m (0.4ms)[0m  [1m[34mSELECT COUNT(*) FROM "games" WHERE "games"."user_id" = $1[0m  [["user_id", 3]]
  [1m[36mGame Load (0.3ms)[0m  [1m[34mSELECT "games".* FROM "games" WHERE "games"."user_id" = $1[0m  [["user_id", 3]]
  Rendered users/show.html.erb within layouts/application (4.4ms)
  [1m[36mUser Load (0.4ms)[0m  [1m[34mSELECT  "users".* FROM "users" WHERE "users"."id" = $1 LIMIT $2[0m  [["id", 8], ["LIMIT", 1]]
Completed 200 OK in 51ms (Views: 46.5ms | ActiveRecord: 1.6ms)


Started GET "/users/3" for ::1 at 2016-11-01 11:27:04 -0400
Processing by UsersController#show as HTML
  Parameters: {"id"=>"3"}
  [1m[36mUser Load (0.6ms)[0m  [1m[34mSELECT  "users".* FROM "users" WHERE "users"."id" = $1 LIMIT $2[0m  [["id", 3], ["LIMIT", 1]]
  Rendering users/show.html.erb within layouts/application
  [1m[35m (0.5ms)[0m  [1m[34mSELECT COUNT(*) FROM "games" WHERE "games"."user_id" = $1[0m  [["user_id", 3]]
  [1m[36mGame Load (0.5ms)[0m  [1m[34mSELECT "games".* FROM "games" WHERE "games"."user_id" = $1[0m  [["user_id", 3]]
  Rendered users/show.html.erb within layouts/application (5.4ms)
  [1m[36mUser Load (0.5ms)[0m  [1m[34mSELECT  "users".* FROM "users" WHERE "users"."id" = $1 LIMIT $2[0m  [["id", 8], ["LIMIT", 1]]
Completed 200 OK in 1655ms (Views: 1649.0ms | ActiveRecord: 2.1ms)


Started GET "/users/3" for ::1 at 2016-11-01 11:28:02 -0400
Processing by UsersController#show as HTML
  Parameters: {"id"=>"3"}
  [1m[36mUser Load (0.7ms)[0m  [1m[34mSELECT  "users".* FROM "users" WHERE "users"."id" = $1 LIMIT $2[0m  [["id", 3], ["LIMIT", 1]]
  Rendering users/show.html.erb within layouts/application
  [1m[35m (0.6ms)[0m  [1m[34mSELECT COUNT(*) FROM "games" WHERE "games"."user_id" = $1[0m  [["user_id", 3]]
  [1m[36mGame Load (0.4ms)[0m  [1m[34mSELECT "games".* FROM "games" WHERE "games"."user_id" = $1[0m  [["user_id", 3]]
  Rendered users/show.html.erb within layouts/application (6.2ms)
  [1m[36mUser Load (0.4ms)[0m  [1m[34mSELECT  "users".* FROM "users" WHERE "users"."id" = $1 LIMIT $2[0m  [["id", 8], ["LIMIT", 1]]
Completed 200 OK in 51ms (Views: 45.3ms | ActiveRecord: 2.1ms)


